Neither WRF_EM_CORE nor WRF_PLUS_CORE
        are explicitly specified in shell environment.... 
 
============================================================================================== 
 
V4.4.1
No git found or not a git repository, git commit version not available.
 
Compiling: WRF_EM_CORE  
WRFIO_NCD_LARGE_FILE_SUPPORT=1
 
Linux cheyenne5 4.12.14-95.51-default #1 SMP Fri Apr 17 08:14:12 UTC 2020 (c6bab98) x86_64 x86_64 x86_64 GNU/Linux
 
GNU Fortran (SUSE Linux) 4.8.5
Copyright (C) 2015 Free Software Foundation, Inc.

GNU Fortran comes with NO WARRANTY, to the extent permitted by law.
You may redistribute copies of GNU Fortran
under the terms of the GNU General Public License.
For more information about these matters, see the file named COPYING

 
============================================================================================== 
 
setting parallel make -j 2
 
============================================================================================== 
 
The following indicate the compilers selected to build the WRF system
 
Serial Fortran compiler (mostly for tool generation):
which SFC
/glade/u/apps/ch/opt/ncarcompilers/0.5.0/intel/19.1.1/gfortran
 
Serial C compiler (mostly for tool generation):
which SCC
/glade/u/apps/ch/opt/ncarcompilers/0.5.0/intel/19.1.1/gcc
 
Fortran compiler for the model source code:
which FC
/glade/u/apps/ch/opt/ncarcompilers/0.5.0/intel/19.1.1/mpi/mpif90
Will use 'time' to report timing information
 
C compiler for the model source code:
which CC
/glade/u/apps/ch/opt/ncarcompilers/0.5.0/intel/19.1.1/mpi/mpicc
 
============================================================================================== 
 
make -i -r MODULE_DIRS="-I../dyn_em  -I/glade/work/galexand/wrf-v-4.4.1-mods-integrated/WRFV4.4.1/external/esmf_time_f90  -I/glade/work/galexand/wrf-v-4.4.1-mods-integrated/WRFV4.4.1/main -I/glade/work/galexand/wrf-v-4.4.1-mods-integrated/WRFV4.4.1/external/io_netcdf -I/glade/work/galexand/wrf-v-4.4.1-mods-integrated/WRFV4.4.1/external/io_int -I/glade/work/galexand/wrf-v-4.4.1-mods-integrated/WRFV4.4.1/frame -I/glade/work/galexand/wrf-v-4.4.1-mods-integrated/WRFV4.4.1/share -I/glade/work/galexand/wrf-v-4.4.1-mods-integrated/WRFV4.4.1/phys -I/glade/work/galexand/wrf-v-4.4.1-mods-integrated/WRFV4.4.1/wrftladj -I/glade/work/galexand/wrf-v-4.4.1-mods-integrated/WRFV4.4.1/chem -I/glade/work/galexand/wrf-v-4.4.1-mods-integrated/WRFV4.4.1/inc -I/glade/u/apps/ch/opt/netcdf/4.8.1/gnu/10.1.0/include " ext
make[1]: Entering directory '/glade/work/galexand/wrf-v-4.4.1-mods-integrated/WRFV4.4.1'
--------------------------------------
if [ 0 -eq 0 ] ; then \
  ( cd frame ; make -i -r externals ) ; \
else \
  ( cd frame ; make -i -r PLUSFLAG="-DWRFPLUS=1" externals ) ; \
fi
make[2]: Entering directory '/glade/work/galexand/wrf-v-4.4.1-mods-integrated/WRFV4.4.1/frame'
( cd /glade/work/galexand/wrf-v-4.4.1-mods-integrated/WRFV4.4.1/external/esmf_time_f90 ; \
          make -j 2 FC="gfortran   -w -ffree-form -ffree-line-length-none -fconvert=big-endian -frecord-marker=4 -fallow-argument-mismatch -fallow-invalid-boz " RANLIB="ranlib" \
          CPP="/lib/cpp -P -nostdinc -I/glade/work/galexand/wrf-v-4.4.1-mods-integrated/WRFV4.4.1/inc -I. -DEM_CORE=1 -DNMM_CORE=0 -DNMM_MAX_DIM=2600 -DDA_CORE=0 -DWRFPLUS=0 -DIWORDSIZE=4 -DDWORDSIZE=8 -DRWORDSIZE=4 -DLWORDSIZE=4 -DNONSTANDARD_SYSTEM_SUBR  -DWRF_USE_CLM -DUSE_NETCDF4_FEATURES -DWRFIO_NCD_LARGE_FILE_SUPPORT  -DDM_PARALLEL -DNETCDF -DLANDREAD_STUB=1 -DUSE_ALLOCATABLES -Dwrfmodel -DGRIB1 -DINTIO -DKEEP_INT_AROUND -DLIMIT_ARGS -DBUILD_RRTMG_FAST=0 -DBUILD_RRTMK=0 -DBUILD_SBM_FAST=1 -DSHOW_ALL_VARS_USED=0 -DCONFIG_BUF_LEN=65536 -DMAX_DOMAINS_F=21 -DMAX_HISTORY=25 -DNMM_NEST=0 -traditional-cpp -DUSE_NETCDF4_FEATURES -DWRFIO_NCD_LARGE_FILE_SUPPORT" AR="ar" ARFLAGS="ru" )
make[3]: Entering directory '/glade/work/galexand/wrf-v-4.4.1-mods-integrated/WRFV4.4.1/external/esmf_time_f90'
make[3]: Nothing to be done for 'default'.
make[3]: Leaving directory '/glade/work/galexand/wrf-v-4.4.1-mods-integrated/WRFV4.4.1/external/esmf_time_f90'
( cd /glade/work/galexand/wrf-v-4.4.1-mods-integrated/WRFV4.4.1/external/io_netcdf ; \
          make -j 2 NETCDFPATH="/glade/u/apps/ch/opt/netcdf/4.8.1/gnu/10.1.0" RANLIB="ranlib" CPP="/lib/cpp -P -nostdinc" \
          CC="gcc" CFLAGS="-w -O3 -c  -DRPC_TYPES=1  -DDM_PARALLEL -DLANDREAD_STUB=1 -DMAX_HISTORY=25 -DNMM_CORE=0" \
          FC="gfortran   -O2 -ftree-vectorize -funroll-loops -w -ffree-form -ffree-line-length-none -fconvert=big-endian -frecord-marker=4 -fallow-argument-mismatch -fallow-invalid-boz " TRADFLAG="-traditional-cpp -DUSE_NETCDF4_FEATURES -DWRFIO_NCD_LARGE_FILE_SUPPORT" AR="ar" ARFLAGS="ru" )
make[3]: Entering directory '/glade/work/galexand/wrf-v-4.4.1-mods-integrated/WRFV4.4.1/external/io_netcdf'
make[3]: Nothing to be done for 'all'.
make[3]: Leaving directory '/glade/work/galexand/wrf-v-4.4.1-mods-integrated/WRFV4.4.1/external/io_netcdf'
( cd /glade/work/galexand/wrf-v-4.4.1-mods-integrated/WRFV4.4.1/external/ioapi_share ; \
          make -i -r NATIVE_RWORDSIZE="4" RWORDSIZE="4" AR="ar" ARFLAGS="ru" )
make[3]: Entering directory '/glade/work/galexand/wrf-v-4.4.1-mods-integrated/WRFV4.4.1/external/ioapi_share'
make[3]: Nothing to be done for 'all'.
make[3]: Leaving directory '/glade/work/galexand/wrf-v-4.4.1-mods-integrated/WRFV4.4.1/external/ioapi_share'
( cd /glade/work/galexand/wrf-v-4.4.1-mods-integrated/WRFV4.4.1/external/io_grib_share ; \
          make -j 2 CC="gcc" CFLAGS="-w -O3 -c  -DRPC_TYPES=1  -DDM_PARALLEL -DLANDREAD_STUB=1 -DMAX_HISTORY=25 -DNMM_CORE=0" RM="rm -f" RANLIB="ranlib" CPP="/lib/cpp -P -nostdinc" \
          FC="gfortran  -I.  -w -ffree-form -ffree-line-length-none -fconvert=big-endian -frecord-marker=4 -fallow-argument-mismatch -fallow-invalid-boz  " TRADFLAG="-traditional-cpp -DUSE_NETCDF4_FEATURES -DWRFIO_NCD_LARGE_FILE_SUPPORT" AR="ar" ARFLAGS="ru" archive) 
make[3]: Entering directory '/glade/work/galexand/wrf-v-4.4.1-mods-integrated/WRFV4.4.1/external/io_grib_share'
make[4]: Entering directory '/glade/work/galexand/wrf-v-4.4.1-mods-integrated/WRFV4.4.1/external/io_grib_share'
ar ru ./libio_grib_share.a io_grib_share.o get_region_center.o gridnav.o open_file.o
ranlib ./libio_grib_share.a
make[4]: Leaving directory '/glade/work/galexand/wrf-v-4.4.1-mods-integrated/WRFV4.4.1/external/io_grib_share'
make[3]: Leaving directory '/glade/work/galexand/wrf-v-4.4.1-mods-integrated/WRFV4.4.1/external/io_grib_share'
( cd /glade/work/galexand/wrf-v-4.4.1-mods-integrated/WRFV4.4.1/external/io_grib1 ; \
          make -j 2 CC="gcc" CFLAGS="-w -O3 -c  -DRPC_TYPES=1  -DDM_PARALLEL -DLANDREAD_STUB=1 -DMAX_HISTORY=25 -DNMM_CORE=0" RM="rm -f" RANLIB="ranlib" CPP="/lib/cpp -P -nostdinc" \
          FC="gfortran  -I.  -w -ffree-form -ffree-line-length-none -fconvert=big-endian -frecord-marker=4 -fallow-argument-mismatch -fallow-invalid-boz  " TRADFLAG="-traditional-cpp -DUSE_NETCDF4_FEATURES -DWRFIO_NCD_LARGE_FILE_SUPPORT" AR="ar" ARFLAGS="ru" archive)
make[3]: Entering directory '/glade/work/galexand/wrf-v-4.4.1-mods-integrated/WRFV4.4.1/external/io_grib1'
        Doing make archive on library subdirectory MEL_grib1
make[4]: Entering directory '/glade/work/galexand/wrf-v-4.4.1-mods-integrated/WRFV4.4.1/external/io_grib1/MEL_grib1'
make[5]: Entering directory '/glade/work/galexand/wrf-v-4.4.1-mods-integrated/WRFV4.4.1/external/io_grib1/MEL_grib1'
ar ru ../libio_grib1.a FTP_getfile.o apply_bitmap.o display_gribhdr.o gbyte.o grib_dec.o grib_enc.o grib_seek.o gribgetbds.o gribgetbms.o gribgetgds.o gribgetpds.o gribhdr2file.o gribputbds.o gribputgds.o gribputpds.o hdr_print.o init_dec_struct.o init_enc_struct.o init_gribhdr.o init_struct.o ld_dec_lookup.o ld_enc_input.o ld_enc_lookup.o ld_grib_origctrs.o make_default_grbfn.o make_grib_log.o map_lvl.o map_parm.o pack_spatial.o prt_inp_struct.o upd_child_errmsg.o prt_badmsg.o swap.o grib_uthin.o set_bytes.o
ranlib ../libio_grib1.a
make[5]: Leaving directory '/glade/work/galexand/wrf-v-4.4.1-mods-integrated/WRFV4.4.1/external/io_grib1/MEL_grib1'
make[4]: Leaving directory '/glade/work/galexand/wrf-v-4.4.1-mods-integrated/WRFV4.4.1/external/io_grib1/MEL_grib1'
        Doing make archive on library subdirectory grib1_util
make[4]: Entering directory '/glade/work/galexand/wrf-v-4.4.1-mods-integrated/WRFV4.4.1/external/io_grib1/grib1_util'
make[5]: Entering directory '/glade/work/galexand/wrf-v-4.4.1-mods-integrated/WRFV4.4.1/external/io_grib1/grib1_util'
ar ru ../libio_grib1.a alloc_2d.o read_grib.o write_grib.o
ranlib ../libio_grib1.a
make[5]: Leaving directory '/glade/work/galexand/wrf-v-4.4.1-mods-integrated/WRFV4.4.1/external/io_grib1/grib1_util'
make[4]: Leaving directory '/glade/work/galexand/wrf-v-4.4.1-mods-integrated/WRFV4.4.1/external/io_grib1/grib1_util'
        Doing make archive on library subdirectory WGRIB
make[4]: Entering directory '/glade/work/galexand/wrf-v-4.4.1-mods-integrated/WRFV4.4.1/external/io_grib1/WGRIB'
make[4]: Nothing to be done for 'archive'.
make[4]: Leaving directory '/glade/work/galexand/wrf-v-4.4.1-mods-integrated/WRFV4.4.1/external/io_grib1/WGRIB'
make[4]: Entering directory '/glade/work/galexand/wrf-v-4.4.1-mods-integrated/WRFV4.4.1/external/io_grib1'
ar ru ./libio_grib1.a grib1_routines.o gribmap.o io_grib1.o trim.o
ranlib ./libio_grib1.a
make[4]: Leaving directory '/glade/work/galexand/wrf-v-4.4.1-mods-integrated/WRFV4.4.1/external/io_grib1'
make[3]: Leaving directory '/glade/work/galexand/wrf-v-4.4.1-mods-integrated/WRFV4.4.1/external/io_grib1'
( cd /glade/work/galexand/wrf-v-4.4.1-mods-integrated/WRFV4.4.1/external/io_int ; \
          make -j 2 CC="mpicc -cc=gcc -DFSEEKO64_OK " CFLAGS_LOCAL="-w -O3 -c  -DRPC_TYPES=1 " RM="rm -f" RANLIB="ranlib" CPP="/lib/cpp -P -nostdinc" \
          FC="time mpif90 -f90=gfortran   -w -ffree-form -ffree-line-length-none -fconvert=big-endian -frecord-marker=4 -fallow-argument-mismatch -fallow-invalid-boz  " FGREP="fgrep -iq" \
          TRADFLAG="-traditional-cpp -DUSE_NETCDF4_FEATURES -DWRFIO_NCD_LARGE_FILE_SUPPORT" AR="ar" ARFLAGS="ru" ARCHFLAGS="-DEM_CORE=1 -DNMM_CORE=0 -DNMM_MAX_DIM=2600 -DDA_CORE=0 -DWRFPLUS=0 -DIWORDSIZE=4 -DDWORDSIZE=8 -DRWORDSIZE=4 -DLWORDSIZE=4 -DNONSTANDARD_SYSTEM_SUBR  -DWRF_USE_CLM -DUSE_NETCDF4_FEATURES -DWRFIO_NCD_LARGE_FILE_SUPPORT  -DDM_PARALLEL -DNETCDF -DLANDREAD_STUB=1 -DUSE_ALLOCATABLES -Dwrfmodel -DGRIB1 -DINTIO -DKEEP_INT_AROUND -DLIMIT_ARGS -DBUILD_RRTMG_FAST=0 -DBUILD_RRTMK=0 -DBUILD_SBM_FAST=1 -DSHOW_ALL_VARS_USED=0 -DCONFIG_BUF_LEN=65536 -DMAX_DOMAINS_F=21 -DMAX_HISTORY=25 -DNMM_NEST=0" all )
make[3]: Entering directory '/glade/work/galexand/wrf-v-4.4.1-mods-integrated/WRFV4.4.1/external/io_int'
make[3]: Nothing to be done for 'all'.
make[3]: Leaving directory '/glade/work/galexand/wrf-v-4.4.1-mods-integrated/WRFV4.4.1/external/io_int'
( cd /glade/work/galexand/wrf-v-4.4.1-mods-integrated/WRFV4.4.1/external/fftpack/fftpack5 ; \
          make -j 2 FC="gfortran" FFLAGS="  -w -ffree-form -ffree-line-length-none -fconvert=big-endian -frecord-marker=4 -fallow-argument-mismatch -fallow-invalid-boz " RANLIB="ranlib" AR="ar" \
          ARFLAGS="ru" CPP="/lib/cpp -P -nostdinc" CPPFLAGS="-DEM_CORE=1 -DNMM_CORE=0 -DNMM_MAX_DIM=2600 -DDA_CORE=0 -DWRFPLUS=0 -DIWORDSIZE=4 -DDWORDSIZE=8 -DRWORDSIZE=4 -DLWORDSIZE=4 -DNONSTANDARD_SYSTEM_SUBR  -DWRF_USE_CLM -DUSE_NETCDF4_FEATURES -DWRFIO_NCD_LARGE_FILE_SUPPORT  -DDM_PARALLEL -DNETCDF -DLANDREAD_STUB=1 -DUSE_ALLOCATABLES -Dwrfmodel -DGRIB1 -DINTIO -DKEEP_INT_AROUND -DLIMIT_ARGS -DBUILD_RRTMG_FAST=0 -DBUILD_RRTMK=0 -DBUILD_SBM_FAST=1 -DSHOW_ALL_VARS_USED=0 -DCONFIG_BUF_LEN=65536 -DMAX_DOMAINS_F=21 -DMAX_HISTORY=25 -DNMM_NEST=0  -I. -traditional-cpp -DUSE_NETCDF4_FEATURES -DWRFIO_NCD_LARGE_FILE_SUPPORT " RM="rm -f" )
make[3]: Entering directory '/glade/work/galexand/wrf-v-4.4.1-mods-integrated/WRFV4.4.1/external/fftpack/fftpack5'
ar ru libfftpack.a c1f2kb.o  cfft1b.o  cmf3kf.o  cosqb1.o  costmi.o   dcosq1f.o  dfftb1.o   mradb2.o  mrfti1.o  r1fgkf.o     rfft2i.o  sinqmi.o  z1f2kf.o  zfft1f.o  zmf4kb.o c1f2kf.o  cfft1f.o  cmf4kb.o  cosqf1.o  d1f2kb.o   dcosq1i.o  dfftf1.o   mradb3.o  msntb1.o  r4_factor.o  rfftb1.o  sint1b.o  z1f3kb.o  zfft1i.o  zmf4kf.o c1f3kb.o  cfft1i.o  cmf4kf.o  cosqmb.o  d1f2kf.o   dcosqb1.o  dffti1.o   mradb4.o  msntf1.o  r4_mcfti1.o  rfftf1.o  sint1f.o  z1f3kf.o  zfft2b.o  zmf5kb.o c1f3kf.o  cfft2b.o  cmf5kb.o  cosqmf.o  d1f3kb.o   dcosqf1.o  dsint1b.o  mradb5.o  r1f2kb.o  r4_tables.o  rffti1.o  sint1i.o  z1f4kb.o  zfft2f.o  zmf5kf.o c1f4kb.o  cfft2f.o  cmf5kf.o  cosqmi.o  d1f3kf.o   dcost1b.o  dsint1f.o  mradbg.o  r1f2kf.o  r8_factor.o  rfftmb.o  sintb1.o  z1f4kf.o  zfft2i.o  zmfgkb.o c1f4kf.o  cfft2i.o  cmfgkb.o  cost1b.o  d1f4kb.o   dcost1f.o  dsint1i.o  mradf2.o  r1f3kb.o  r8_mcfti1.o  rfftmf.o  sintf1.o  z1f5kb.o  zfftmb.o  zmfgkf.o c1f5kb.o  cfftmb.o  cmfgkf.o  cost1f.o  d1f4kf.o   dcost1i.o  dsintb1.o  mradf3.o  r1f3kf.o  r8_tables.o  rfftmi.o  sintmb.o  z1f5kf.o  zfftmf.o  zmfm1b.o c1f5kf.o  cfftmf.o  cmfm1b.o  cost1i.o  d1f5kb.o   dcostb1.o  dsintf1.o  mradf4.o  r1f4kb.o  rfft1b.o     sinq1b.o  sintmf.o  z1fgkb.o  zfftmi.o  zmfm1f.o c1fgkb.o  cfftmi.o  cmfm1f.o  costb1.o  d1f5kf.o   dcostf1.o  mcsqb1.o   mradf5.o  r1f4kf.o  rfft1f.o     sinq1f.o  sintmi.o  z1fgkf.o  zmf2kb.o c1fgkf.o  cmf2kb.o  cosq1b.o  costf1.o  d1fgkb.o   dfft1b.o   mcsqf1.o   mradfg.o  r1f5kb.o  rfft1i.o     sinq1i.o  xercon.o  z1fm1b.o  zmf2kf.o c1fm1b.o  cmf2kf.o  cosq1f.o  costmb.o  d1fgkf.o   dfft1f.o   mcstb1.o   mrftb1.o  r1f5kf.o  rfft2b.o     sinqmb.o  xerfft.o  z1fm1f.o  zmf3kb.o c1fm1f.o  cmf3kb.o  cosq1i.o  costmf.o  dcosq1b.o  dfft1i.o   mcstf1.o   mrftf1.o  r1fgkb.o  rfft2f.o     sinqmf.o  z1f2kb.o  zfft1b.o  zmf3kf.o 
ranlib libfftpack.a
make[3]: Leaving directory '/glade/work/galexand/wrf-v-4.4.1-mods-integrated/WRFV4.4.1/external/fftpack/fftpack5'
( if [ ! -e /glade/work/galexand/wrf-v-4.4.1-mods-integrated/WRFV4.4.1/tools/gen_comms.c ] ; then \
          /bin/cp /glade/work/galexand/wrf-v-4.4.1-mods-integrated/WRFV4.4.1/tools/gen_comms_warning /glade/work/galexand/wrf-v-4.4.1-mods-integrated/WRFV4.4.1/tools/gen_comms.c ; \
          cat /glade/work/galexand/wrf-v-4.4.1-mods-integrated/WRFV4.4.1/external/RSL_LITE/gen_comms.c >> /glade/work/galexand/wrf-v-4.4.1-mods-integrated/WRFV4.4.1/tools/gen_comms.c ; fi )
( if [ ! -e module_dm.F ] ; then /bin/cp module_dm_warning module_dm.F ; \
          cat /glade/work/galexand/wrf-v-4.4.1-mods-integrated/WRFV4.4.1/external/RSL_LITE/module_dm.F >> module_dm.F ; fi )
make[2]: Leaving directory '/glade/work/galexand/wrf-v-4.4.1-mods-integrated/WRFV4.4.1/frame'
make[1]: Leaving directory '/glade/work/galexand/wrf-v-4.4.1-mods-integrated/WRFV4.4.1'
make -i -r MODULE_DIRS="-I../dyn_em  -I/glade/work/galexand/wrf-v-4.4.1-mods-integrated/WRFV4.4.1/external/esmf_time_f90  -I/glade/work/galexand/wrf-v-4.4.1-mods-integrated/WRFV4.4.1/main -I/glade/work/galexand/wrf-v-4.4.1-mods-integrated/WRFV4.4.1/external/io_netcdf -I/glade/work/galexand/wrf-v-4.4.1-mods-integrated/WRFV4.4.1/external/io_int -I/glade/work/galexand/wrf-v-4.4.1-mods-integrated/WRFV4.4.1/frame -I/glade/work/galexand/wrf-v-4.4.1-mods-integrated/WRFV4.4.1/share -I/glade/work/galexand/wrf-v-4.4.1-mods-integrated/WRFV4.4.1/phys -I/glade/work/galexand/wrf-v-4.4.1-mods-integrated/WRFV4.4.1/wrftladj -I/glade/work/galexand/wrf-v-4.4.1-mods-integrated/WRFV4.4.1/chem -I/glade/work/galexand/wrf-v-4.4.1-mods-integrated/WRFV4.4.1/inc -I/glade/u/apps/ch/opt/netcdf/4.8.1/gnu/10.1.0/include " toolsdir
make[1]: Entering directory '/glade/work/galexand/wrf-v-4.4.1-mods-integrated/WRFV4.4.1'
--------------------------------------
if [ 0 -eq 0 ] ; then \
  ( cd tools ; make -i -r CC_TOOLS_CFLAGS="-DNMM_CORE=0" CC_TOOLS="gcc  -DIWORDSIZE=4 -DMAX_HISTORY=25" ) ; \
else \
  ( cd tools ; make -i -r CC_TOOLS_CFLAGS="-DNMM_CORE=0" CC_TOOLS="gcc  -DIWORDSIZE=4 -DMAX_HISTORY=25 -DWRFPLUS=1" ) ; \
fi
make[2]: Entering directory '/glade/work/galexand/wrf-v-4.4.1-mods-integrated/WRFV4.4.1/tools'
make[2]: 'registry' is up to date.
make[2]: Leaving directory '/glade/work/galexand/wrf-v-4.4.1-mods-integrated/WRFV4.4.1/tools'
make[1]: Leaving directory '/glade/work/galexand/wrf-v-4.4.1-mods-integrated/WRFV4.4.1'
/bin/rm -f main/libwrflib.a main/libwrflib.lib
make -i -r MODULE_DIRS="-I../dyn_em  -I/glade/work/galexand/wrf-v-4.4.1-mods-integrated/WRFV4.4.1/external/esmf_time_f90  -I/glade/work/galexand/wrf-v-4.4.1-mods-integrated/WRFV4.4.1/main -I/glade/work/galexand/wrf-v-4.4.1-mods-integrated/WRFV4.4.1/external/io_netcdf -I/glade/work/galexand/wrf-v-4.4.1-mods-integrated/WRFV4.4.1/external/io_int -I/glade/work/galexand/wrf-v-4.4.1-mods-integrated/WRFV4.4.1/frame -I/glade/work/galexand/wrf-v-4.4.1-mods-integrated/WRFV4.4.1/share -I/glade/work/galexand/wrf-v-4.4.1-mods-integrated/WRFV4.4.1/phys -I/glade/work/galexand/wrf-v-4.4.1-mods-integrated/WRFV4.4.1/wrftladj -I/glade/work/galexand/wrf-v-4.4.1-mods-integrated/WRFV4.4.1/chem -I/glade/work/galexand/wrf-v-4.4.1-mods-integrated/WRFV4.4.1/inc -I/glade/u/apps/ch/opt/netcdf/4.8.1/gnu/10.1.0/include " framework
make[1]: Entering directory '/glade/work/galexand/wrf-v-4.4.1-mods-integrated/WRFV4.4.1'
--------------------------------------
( cd frame ; make -i -r -j 2 LLIST="" framework ; \
          cd ../external/io_netcdf ; \
          make -i -r NETCDFPATH="/glade/u/apps/ch/opt/netcdf/4.8.1/gnu/10.1.0" \
               FC="time mpif90 -f90=gfortran -w -ffree-form -ffree-line-length-none -fconvert=big-endian -frecord-marker=4 -fallow-argument-mismatch -fallow-invalid-boz    " RANLIB="ranlib" \
               CPP="/lib/cpp -P -nostdinc" LDFLAGS=" -O2 -ftree-vectorize -funroll-loops -w -ffree-form -ffree-line-length-none -fconvert=big-endian -frecord-marker=4 -fallow-argument-mismatch -fallow-invalid-boz   " TRADFLAG="-traditional-cpp -DUSE_NETCDF4_FEATURES -DWRFIO_NCD_LARGE_FILE_SUPPORT" ESMF_IO_LIB_EXT="-L/glade/work/galexand/wrf-v-4.4.1-mods-integrated/WRFV4.4.1/external/esmf_time_f90 -lesmf_time" \
               LIB_LOCAL="" \
               ESMF_MOD_DEPENDENCE="/glade/work/galexand/wrf-v-4.4.1-mods-integrated/WRFV4.4.1/external/esmf_time_f90/module_utility.o" AR="INTERNAL_BUILD_ERROR_SHOULD_NOT_NEED_AR" diffwrf; \
          cd ../io_netcdf ; \
          make -i -r NETCDFPATH="/glade/u/apps/ch/opt/netcdf/4.8.1/gnu/10.1.0" \
               FC="gfortran -w -ffree-form -ffree-line-length-none -fconvert=big-endian -frecord-marker=4 -fallow-argument-mismatch -fallow-invalid-boz    " RANLIB="ranlib" \
               CPP="/lib/cpp -P -nostdinc" LDFLAGS=" -O2 -ftree-vectorize -funroll-loops -w -ffree-form -ffree-line-length-none -fconvert=big-endian -frecord-marker=4 -fallow-argument-mismatch -fallow-invalid-boz   " TRADFLAG="-traditional-cpp -DUSE_NETCDF4_FEATURES -DWRFIO_NCD_LARGE_FILE_SUPPORT" ESMF_IO_LIB_EXT="-L/glade/work/galexand/wrf-v-4.4.1-mods-integrated/WRFV4.4.1/external/esmf_time_f90 -lesmf_time" \
       LIB_LOCAL="" \
               ESMF_MOD_DEPENDENCE="/glade/work/galexand/wrf-v-4.4.1-mods-integrated/WRFV4.4.1/external/esmf_time_f90/module_utility.o" AR="INTERNAL_BUILD_ERROR_SHOULD_NOT_NEED_AR"; \
          cd ../io_netcdfpar ; \
          echo SKIPPING make -i -r NETCDFPARPATH="/glade/u/apps/ch/opt/netcdf/4.8.1/gnu/10.1.0" \
               FC="time mpif90 -f90=gfortran -w -ffree-form -ffree-line-length-none -fconvert=big-endian -frecord-marker=4 -fallow-argument-mismatch -fallow-invalid-boz    " RANLIB="ranlib" \
               CPP="/lib/cpp -P -nostdinc" LDFLAGS=" -O2 -ftree-vectorize -funroll-loops -w -ffree-form -ffree-line-length-none -fconvert=big-endian -frecord-marker=4 -fallow-argument-mismatch -fallow-invalid-boz   " TRADFLAG="-traditional-cpp -DUSE_NETCDF4_FEATURES -DWRFIO_NCD_LARGE_FILE_SUPPORT" ESMF_IO_LIB_EXT="-L/glade/work/galexand/wrf-v-4.4.1-mods-integrated/WRFV4.4.1/external/esmf_time_f90 -lesmf_time" \
               LIB_LOCAL="" \
               ESMF_MOD_DEPENDENCE="/glade/work/galexand/wrf-v-4.4.1-mods-integrated/WRFV4.4.1/external/esmf_time_f90/module_utility.o" AR="INTERNAL_BUILD_ERROR_SHOULD_NOT_NEED_AR" diffwrf; \
          cd ../io_netcdfpar ; \
          echo SKIPPING make -i -r NETCDFPARPATH="/glade/u/apps/ch/opt/netcdf/4.8.1/gnu/10.1.0" \
               FC="gfortran -w -ffree-form -ffree-line-length-none -fconvert=big-endian -frecord-marker=4 -fallow-argument-mismatch -fallow-invalid-boz    " RANLIB="ranlib" \
               CPP="/lib/cpp -P -nostdinc" LDFLAGS=" -O2 -ftree-vectorize -funroll-loops -w -ffree-form -ffree-line-length-none -fconvert=big-endian -frecord-marker=4 -fallow-argument-mismatch -fallow-invalid-boz   " TRADFLAG="-traditional-cpp -DUSE_NETCDF4_FEATURES -DWRFIO_NCD_LARGE_FILE_SUPPORT" ESMF_IO_LIB_EXT="-L/glade/work/galexand/wrf-v-4.4.1-mods-integrated/WRFV4.4.1/external/esmf_time_f90 -lesmf_time" \
       LIB_LOCAL="" \
               ESMF_MOD_DEPENDENCE="/glade/work/galexand/wrf-v-4.4.1-mods-integrated/WRFV4.4.1/external/esmf_time_f90/module_utility.o" AR="INTERNAL_BUILD_ERROR_SHOULD_NOT_NEED_AR"; \
          cd ../io_pio ; \
          echo SKIPPING PIO BUILD make -i -r NETCDFPATH="" \
               FC="gfortran -w -ffree-form -ffree-line-length-none -fconvert=big-endian -frecord-marker=4 -fallow-argument-mismatch -fallow-invalid-boz    " RANLIB="ranlib" \
               CPP="/lib/cpp -P -nostdinc" LDFLAGS=" -O2 -ftree-vectorize -funroll-loops -w -ffree-form -ffree-line-length-none -fconvert=big-endian -frecord-marker=4 -fallow-argument-mismatch -fallow-invalid-boz   " TRADFLAG="-traditional-cpp -DUSE_NETCDF4_FEATURES -DWRFIO_NCD_LARGE_FILE_SUPPORT" ESMF_IO_LIB_EXT="-L/glade/work/galexand/wrf-v-4.4.1-mods-integrated/WRFV4.4.1/external/esmf_time_f90 -lesmf_time" \
       LIB_LOCAL="" \
               ESMF_MOD_DEPENDENCE="/glade/work/galexand/wrf-v-4.4.1-mods-integrated/WRFV4.4.1/external/esmf_time_f90/module_utility.o" AR="INTERNAL_BUILD_ERROR_SHOULD_NOT_NEED_AR"; \
          cd ../io_int ; \
          make -i -r SFC="gfortran -w -ffree-form -ffree-line-length-none -fconvert=big-endian -frecord-marker=4 -fallow-argument-mismatch -fallow-invalid-boz " \
               FC="gfortran -w -ffree-form -ffree-line-length-none -fconvert=big-endian -frecord-marker=4 -fallow-argument-mismatch -fallow-invalid-boz    " \
               RANLIB="ranlib" CPP="/lib/cpp -P -nostdinc -DNONSTANDARD_SYSTEM_SUBR  -DWRF_USE_CLM -DUSE_NETCDF4_FEATURES -DWRFIO_NCD_LARGE_FILE_SUPPORT" DM_FC="mpif90 -f90=gfortran -w -ffree-form -ffree-line-length-none -fconvert=big-endian -frecord-marker=4 -fallow-argument-mismatch -fallow-invalid-boz "\
               TRADFLAG="-traditional-cpp -DUSE_NETCDF4_FEATURES -DWRFIO_NCD_LARGE_FILE_SUPPORT" ESMF_IO_LIB_EXT="-L/glade/work/galexand/wrf-v-4.4.1-mods-integrated/WRFV4.4.1/external/esmf_time_f90 -lesmf_time" \
               ESMF_MOD_DEPENDENCE="/glade/work/galexand/wrf-v-4.4.1-mods-integrated/WRFV4.4.1/external/esmf_time_f90/module_utility.o" AR="INTERNAL_BUILD_ERROR_SHOULD_NOT_NEED_AR" diffwrf ; \
          cd ../../frame )
make[2]: Entering directory '/glade/work/galexand/wrf-v-4.4.1-mods-integrated/WRFV4.4.1/frame'
ar ru ../main/libwrflib.a module_driver_constants.o module_domain_type.o module_streams.o module_domain.o  module_integrate.o module_timing.o module_configure.o module_tiles.o module_machine.o module_nesting.o module_wrf_error.o module_state_description.o module_sm.o module_io.o module_comm_dm.o module_comm_dm_0.o module_comm_dm_1.o module_comm_dm_2.o module_comm_dm_3.o module_comm_dm_4.o module_comm_nesting_dm.o module_dm.o module_quilt_outbuf_ops.o module_io_quilt.o module_cpl.o module_cpl_oasis3.o module_clear_halos.o wrf_num_bytes_between.o wrf_shutdown.o wrf_debug.o libmassv.o collect_on_comm.o hires_timer.o clog.o nl_get_0_routines.o nl_get_1_routines.o nl_get_2_routines.o nl_get_3_routines.o nl_get_4_routines.o nl_get_5_routines.o nl_get_6_routines.o nl_get_7_routines.o nl_set_0_routines.o nl_set_1_routines.o nl_set_2_routines.o nl_set_3_routines.o nl_set_4_routines.o nl_set_5_routines.o nl_set_6_routines.o nl_set_7_routines.o  module_alloc_space_0.o module_alloc_space_1.o module_alloc_space_2.o module_alloc_space_3.o module_alloc_space_4.o module_alloc_space_5.o module_alloc_space_6.o module_alloc_space_7.o module_alloc_space_8.o module_alloc_space_9.o
ar: creating ../main/libwrflib.a
ranlib ../main/libwrflib.a
make[2]: Leaving directory '/glade/work/galexand/wrf-v-4.4.1-mods-integrated/WRFV4.4.1/frame'
make[2]: Entering directory '/glade/work/galexand/wrf-v-4.4.1-mods-integrated/WRFV4.4.1/external/io_netcdf'
make[2]: 'diffwrf' is up to date.
make[2]: Leaving directory '/glade/work/galexand/wrf-v-4.4.1-mods-integrated/WRFV4.4.1/external/io_netcdf'
make[2]: Entering directory '/glade/work/galexand/wrf-v-4.4.1-mods-integrated/WRFV4.4.1/external/io_netcdf'
make[2]: Nothing to be done for 'all'.
make[2]: Leaving directory '/glade/work/galexand/wrf-v-4.4.1-mods-integrated/WRFV4.4.1/external/io_netcdf'
SKIPPING make -i -r NETCDFPARPATH=/glade/u/apps/ch/opt/netcdf/4.8.1/gnu/10.1.0 FC=time mpif90 -f90=gfortran -w -ffree-form -ffree-line-length-none -fconvert=big-endian -frecord-marker=4 -fallow-argument-mismatch -fallow-invalid-boz     RANLIB=ranlib CPP=/lib/cpp -P -nostdinc LDFLAGS= -O2 -ftree-vectorize -funroll-loops -w -ffree-form -ffree-line-length-none -fconvert=big-endian -frecord-marker=4 -fallow-argument-mismatch -fallow-invalid-boz    TRADFLAG=-traditional-cpp -DUSE_NETCDF4_FEATURES -DWRFIO_NCD_LARGE_FILE_SUPPORT ESMF_IO_LIB_EXT=-L/glade/work/galexand/wrf-v-4.4.1-mods-integrated/WRFV4.4.1/external/esmf_time_f90 -lesmf_time LIB_LOCAL= ESMF_MOD_DEPENDENCE=/glade/work/galexand/wrf-v-4.4.1-mods-integrated/WRFV4.4.1/external/esmf_time_f90/module_utility.o AR=INTERNAL_BUILD_ERROR_SHOULD_NOT_NEED_AR diffwrf
SKIPPING make -i -r NETCDFPARPATH=/glade/u/apps/ch/opt/netcdf/4.8.1/gnu/10.1.0 FC=gfortran -w -ffree-form -ffree-line-length-none -fconvert=big-endian -frecord-marker=4 -fallow-argument-mismatch -fallow-invalid-boz     RANLIB=ranlib CPP=/lib/cpp -P -nostdinc LDFLAGS= -O2 -ftree-vectorize -funroll-loops -w -ffree-form -ffree-line-length-none -fconvert=big-endian -frecord-marker=4 -fallow-argument-mismatch -fallow-invalid-boz    TRADFLAG=-traditional-cpp -DUSE_NETCDF4_FEATURES -DWRFIO_NCD_LARGE_FILE_SUPPORT ESMF_IO_LIB_EXT=-L/glade/work/galexand/wrf-v-4.4.1-mods-integrated/WRFV4.4.1/external/esmf_time_f90 -lesmf_time LIB_LOCAL= ESMF_MOD_DEPENDENCE=/glade/work/galexand/wrf-v-4.4.1-mods-integrated/WRFV4.4.1/external/esmf_time_f90/module_utility.o AR=INTERNAL_BUILD_ERROR_SHOULD_NOT_NEED_AR
SKIPPING PIO BUILD make -i -r NETCDFPATH= FC=gfortran -w -ffree-form -ffree-line-length-none -fconvert=big-endian -frecord-marker=4 -fallow-argument-mismatch -fallow-invalid-boz     RANLIB=ranlib CPP=/lib/cpp -P -nostdinc LDFLAGS= -O2 -ftree-vectorize -funroll-loops -w -ffree-form -ffree-line-length-none -fconvert=big-endian -frecord-marker=4 -fallow-argument-mismatch -fallow-invalid-boz    TRADFLAG=-traditional-cpp -DUSE_NETCDF4_FEATURES -DWRFIO_NCD_LARGE_FILE_SUPPORT ESMF_IO_LIB_EXT=-L/glade/work/galexand/wrf-v-4.4.1-mods-integrated/WRFV4.4.1/external/esmf_time_f90 -lesmf_time LIB_LOCAL= ESMF_MOD_DEPENDENCE=/glade/work/galexand/wrf-v-4.4.1-mods-integrated/WRFV4.4.1/external/esmf_time_f90/module_utility.o AR=INTERNAL_BUILD_ERROR_SHOULD_NOT_NEED_AR
make[2]: Entering directory '/glade/work/galexand/wrf-v-4.4.1-mods-integrated/WRFV4.4.1/external/io_int'
make[2]: 'diffwrf' is up to date.
make[2]: Leaving directory '/glade/work/galexand/wrf-v-4.4.1-mods-integrated/WRFV4.4.1/external/io_int'
make[1]: Leaving directory '/glade/work/galexand/wrf-v-4.4.1-mods-integrated/WRFV4.4.1'
make -i -r MODULE_DIRS="-I../dyn_em  -I/glade/work/galexand/wrf-v-4.4.1-mods-integrated/WRFV4.4.1/external/esmf_time_f90  -I/glade/work/galexand/wrf-v-4.4.1-mods-integrated/WRFV4.4.1/main -I/glade/work/galexand/wrf-v-4.4.1-mods-integrated/WRFV4.4.1/external/io_netcdf -I/glade/work/galexand/wrf-v-4.4.1-mods-integrated/WRFV4.4.1/external/io_int -I/glade/work/galexand/wrf-v-4.4.1-mods-integrated/WRFV4.4.1/frame -I/glade/work/galexand/wrf-v-4.4.1-mods-integrated/WRFV4.4.1/share -I/glade/work/galexand/wrf-v-4.4.1-mods-integrated/WRFV4.4.1/phys -I/glade/work/galexand/wrf-v-4.4.1-mods-integrated/WRFV4.4.1/wrftladj -I/glade/work/galexand/wrf-v-4.4.1-mods-integrated/WRFV4.4.1/chem -I/glade/work/galexand/wrf-v-4.4.1-mods-integrated/WRFV4.4.1/inc -I/glade/u/apps/ch/opt/netcdf/4.8.1/gnu/10.1.0/include " shared
make[1]: Entering directory '/glade/work/galexand/wrf-v-4.4.1-mods-integrated/WRFV4.4.1'
--------------------------------------
if [ "`echo -j 2 | sed -e 's/-j//g' -e 's/ \+//g'`" -gt "6" ] ; then \
  if [ 0 -eq 0 ]   ; then \
   ( cd share ; make -i -r -j 6 PERTMOD=" " ) ;  \
  else \
   ( cd share ; make -i -r -j 6 PERTMOD="../dyn_em/module_bc_em.o ../wrftladj/mediation_pertmod_io.o" ) ;  \
  fi \
else \
  if [ 0 -eq 0 ]   ; then \
   ( cd share ; make -i -r -j 2 PERTMOD=" " ) ;  \
  else \
   ( cd share ; make -i -r -j 2 PERTMOD="../dyn_em/module_bc_em.o ../wrftladj/mediation_pertmod_io.o" ) ;  \
  fi \
fi
make[2]: Entering directory '/glade/work/galexand/wrf-v-4.4.1-mods-integrated/WRFV4.4.1/share'
if [ 0 -eq 1 ] ; then \
                  make -i -r nmm_contrib                                      ; \
                  ar ru ../main/libwrflib.a module_model_constants.o module_bc_time_utilities.o module_get_file_names.o module_compute_geop.o module_chem_share.o module_check_a_mundo.o module_HLaw.o module_ctrans_aqchem.o module_random.o module_llxy.o module_interp_nmm.o module_interp_store.o module_string_tools.o module_MPP.o  module_date_time.o module_bc.o module_io_wrf.o module_soil_pre.o  module_io_domain.o               module_optional_input.o          solve_interface.o mediation_interp_domain.o mediation_force_domain.o mediation_feedback_domain.o start_domain.o init_modules.o set_timekeeping.o interp_fcn.o sint.o wrf_ext_write_field.o wrf_ext_read_field.o  wrf_tsin.o landread.o track_driver.o track_input.o module_trajectory.o bobrand.o wrf_timeseries.o track_driver.o wrf_fddaobs_in.o mediation_nest_move.o setfeenv.o input_wrf.o output_wrf.o wrf_bdyout.o wrf_bdyin.o dfi.o  mediation_integrate.o mediation_wrfmain.o    ; \
                  else                                                         \
                  ar ru ../main/libwrflib.a module_model_constants.o module_bc_time_utilities.o module_get_file_names.o module_compute_geop.o module_chem_share.o module_check_a_mundo.o module_HLaw.o module_ctrans_aqchem.o module_random.o module_llxy.o module_interp_nmm.o module_interp_store.o module_string_tools.o module_MPP.o  module_date_time.o module_bc.o module_io_wrf.o module_soil_pre.o  module_io_domain.o               module_optional_input.o          solve_interface.o mediation_interp_domain.o mediation_force_domain.o mediation_feedback_domain.o start_domain.o init_modules.o set_timekeeping.o interp_fcn.o sint.o wrf_ext_write_field.o wrf_ext_read_field.o  wrf_tsin.o landread.o track_driver.o track_input.o module_trajectory.o bobrand.o wrf_timeseries.o track_driver.o wrf_fddaobs_in.o mediation_nest_move.o setfeenv.o input_wrf.o output_wrf.o wrf_bdyout.o wrf_bdyin.o dfi.o  mediation_integrate.o mediation_wrfmain.o              ; \
                fi
make[2]: Leaving directory '/glade/work/galexand/wrf-v-4.4.1-mods-integrated/WRFV4.4.1/share'
make[1]: Leaving directory '/glade/work/galexand/wrf-v-4.4.1-mods-integrated/WRFV4.4.1'
make -i -r MODULE_DIRS="-I../dyn_em  -I/glade/work/galexand/wrf-v-4.4.1-mods-integrated/WRFV4.4.1/external/esmf_time_f90  -I/glade/work/galexand/wrf-v-4.4.1-mods-integrated/WRFV4.4.1/main -I/glade/work/galexand/wrf-v-4.4.1-mods-integrated/WRFV4.4.1/external/io_netcdf -I/glade/work/galexand/wrf-v-4.4.1-mods-integrated/WRFV4.4.1/external/io_int -I/glade/work/galexand/wrf-v-4.4.1-mods-integrated/WRFV4.4.1/frame -I/glade/work/galexand/wrf-v-4.4.1-mods-integrated/WRFV4.4.1/share -I/glade/work/galexand/wrf-v-4.4.1-mods-integrated/WRFV4.4.1/phys -I/glade/work/galexand/wrf-v-4.4.1-mods-integrated/WRFV4.4.1/wrftladj -I/glade/work/galexand/wrf-v-4.4.1-mods-integrated/WRFV4.4.1/chem -I/glade/work/galexand/wrf-v-4.4.1-mods-integrated/WRFV4.4.1/inc -I/glade/u/apps/ch/opt/netcdf/4.8.1/gnu/10.1.0/include " physics
make[1]: Entering directory '/glade/work/galexand/wrf-v-4.4.1-mods-integrated/WRFV4.4.1'
--------------------------------------
if [ 0  -eq 0 ] ; then \
	( cd phys ; make -i -r submodules ; make -i -r CF2=" " ) ; \
	if [  -eq 1 ] ; then \
		@ echo '----------- make cmaq ----------------' ; \
		( rm -f main/libcmaqlib.a; cd cmaq ; make -i -r -f Makefile.twoway ) ; \
	fi \
else \
	( cd phys ; make -i -r submodules ; make -i -r CF2="../chem/module_data_mosaic_asect.o" ) ; \
fi
make[2]: Entering directory '/glade/work/galexand/wrf-v-4.4.1-mods-integrated/WRFV4.4.1/phys'
No action required for NoahMP submodule
make[2]: Leaving directory '/glade/work/galexand/wrf-v-4.4.1-mods-integrated/WRFV4.4.1/phys'
make[2]: Entering directory '/glade/work/galexand/wrf-v-4.4.1-mods-integrated/WRFV4.4.1/phys'
make -i -r -j 2 non_nmm ; \
ar ru ../main/libwrflib.a module_bep_bem_helper.o complex_number_module.o module_cam_shr_kind_mod.o module_cam_support.o module_cam_shr_const_mod.o module_cam_physconst.o module_cam_cldwat.o module_cam_wv_saturation.o module_cam_esinti.o module_cam_gffgch.o module_cam_error_function.o module_cam_constituents.o module_cam_trb_mtn_stress.o module_cam_molec_diff.o module_cam_upper_bc.o module_cam_bl_diffusion_solver.o module_cam_bl_eddy_diff.o module_cam_mp_microp_aero.o module_cam_mp_cldwat2m_micro.o module_cam_mp_ndrop.o module_cam_mp_modal_aero_initialize_data_phys.o module_cam_mp_radconstants.o module_cam_mp_conv_water.o module_cam_mp_qneg3.o module_data_cam_mam_aero.o module_data_cam_mam_asect.o module_cam_infnan.o  module_bl_ysu.o module_bl_shinhong.o module_bl_mrf.o module_bl_gfs.o module_bl_gfsedmf.o module_bl_myjpbl.o module_bl_qnsepbl.o module_bl_acm.o module_bl_mynn.o module_bl_fogdes.o module_bl_gwdo.o module_bl_gwdo_gsl.o module_bl_myjurb.o module_bl_boulac.o module_checkerror.o module_bl_camuwpbl_driver.o module_bl_mfshconvpbl.o module_bl_eepsilon.o module_shcu_camuwshcu_driver.o module_shcu_camuwshcu.o module_shcu_deng.o module_shcu_grims.o module_shcu_nscv.o module_cu_camzm_driver.o module_cu_camzm.o module_bl_temf.o module_bl_gbmpbl.o module_cu_g3.o module_cu_kf.o module_cu_bmj.o module_cu_kfeta.o module_cu_mskf.o module_cu_tiedtke.o module_cu_ntiedtke.o module_cu_gd.o module_cu_gf_ctrans.o module_cu_gf_wrfdrv.o module_cu_gf_deep.o module_cu_gf_sh.o module_cu_ksas.o module_cu_nsas.o module_cu_sas.o module_gocart_coupling.o module_cu_scalesas.o module_cu_osas.o module_cu_kfcup.o module_madwrf.o module_mp_radar.o module_mp_kessler.o module_mp_lin.o module_mp_sbu_ylin.o module_mp_wsm3.o module_mp_wsm5.o module_mp_wsm6.o module_mp_wsm7.o module_mp_etanew.o module_mp_fer_hires.o module_mp_thompson.o module_fire_emis.o module_mp_SBM_polar_radar.o module_mp_full_sbm.o module_mp_fast_sbm.o module_ltng_lpi.o module_mp_gsfcgce.o module_mp_gsfcgce_4ice_nuwrf.o module_mp_morr_two_moment.o module_mp_p3.o module_mp_jensen_ishmael.o module_mp_morr_two_moment_aero.o module_mp_milbrandt2mom.o module_mp_nssl_2mom.o module_mp_wdm5.o module_mp_wdm6.o module_mp_wdm7.o module_mp_ntu.o module_mp_cammgmp_driver.o module_ra_sw.o module_ra_clWRF_support.o module_ra_gsfcsw.o module_ra_goddard.o module_ra_effective_radius.o module_ra_rrtm.o module_ra_rrtmg_lw.o module_ra_rrtmg_sw.o module_ra_rrtmg_aero_optical_util_cmaq.o module_ra_rrtmg_lwf.o module_ra_rrtmg_swf.o module_ra_rrtmg_lwk.o module_ra_rrtmg_swk.o module_ra_cam_support.o module_ra_cam.o module_ra_gfdleta.o module_ra_flg.o module_ra_hs.o module_ra_eclipse.o module_ra_aerosol.o module_ra_farms.o module_sf_sfclay.o module_sf_sfclayrev.o module_sf_gfs.o module_sf_exchcoef.o module_sf_gfdl.o module_sf_slab.o module_sf_noahdrv.o module_sf_noahlsm.o module_sf_clm.o module_sf_ctsm.o module_sf_ssib.o module_sf_noah_seaice.o module_sf_noah_seaice_drv.o module_sf_noahlsm_glacial_only.o module_sf_noahmp_groundwater.o module_sf_gecros.o module_sf_noahmpdrv.o module_sf_noahmplsm.o module_sf_noahmp_glacier.o module_sf_urban.o module_sf_bep.o module_sf_bep_bem.o module_sf_bem.o module_sf_pxlsm.o module_sf_pxlsm_data.o module_sf_ruclsm.o module_sf_sfcdiags.o module_sf_sfcdiags_ruclsm.o module_sf_sstskin.o module_sf_tmnupdate.o module_sf_ocean_driver.o module_sf_oml.o module_sf_3dpwp.o module_sf_myjsfc.o module_sf_qnsesfc.o module_sf_mynn.o module_sf_fogdes.o module_sf_pxsfclay.o module_sf_temfsfclay.o module_sf_idealscmsfclay.o module_sf_scmflux.o module_sf_scmskintemp.o module_physics_addtendc.o module_physics_init.o module_gfs_machine.o module_gfs_funcphys.o module_gfs_physcons.o module_progtm.o module_pbl_driver.o module_data_gocart_dust.o module_dust_emis.o module_cumulus_driver.o module_shallowcu_driver.o module_microphysics_driver.o module_microphysics_zero_out.o module_mixactivate.o module_radiation_driver.o module_surface_driver.o module_lightning_driver.o module_ltng_cpmpr92z.o module_ltng_crmpr92.o module_ltng_iccg.o module_fdda_psufddagd.o module_fdda_spnudging.o module_fddagd_driver.o module_fddaobs_rtfdda.o module_fddaobs_driver.o module_wind_fitch.o module_sf_lake.o module_diagnostics_driver.o module_irrigation.o   \
	module_fr_fire_driver.o module_fr_fire_driver_wrf.o module_fr_fire_atm.o module_fr_fire_model.o module_fr_fire_core.o module_fr_fire_phys.o module_fr_fire_util.o module_firebrand_spotting_mpi.o module_firebrand_spotting.o module_diag_afwa.o module_diag_cl.o module_diag_functions.o module_diag_hailcast.o module_diag_misc.o module_diag_nwp.o module_diag_rasm.o module_diag_pld.o module_diag_zld.o module_diag_trad_fields.o module_diag_solar.o
make[3]: Entering directory '/glade/work/galexand/wrf-v-4.4.1-mods-integrated/WRFV4.4.1/phys'
rm -f module_sf_noahmplsm.o
sed -e "s/^\!.*'.*//" -e "s/^ *\!.*'.*//" module_sf_noahmplsm.F > module_sf_noahmplsm.G
/lib/cpp -P -nostdinc -I/glade/work/galexand/wrf-v-4.4.1-mods-integrated/WRFV4.4.1/inc -DEM_CORE=1 -DNMM_CORE=0 -DNMM_MAX_DIM=2600 -DDA_CORE=0 -DWRFPLUS=0 -DIWORDSIZE=4 -DDWORDSIZE=8 -DRWORDSIZE=4 -DLWORDSIZE=4 -DNONSTANDARD_SYSTEM_SUBR  -DWRF_USE_CLM -DUSE_NETCDF4_FEATURES -DWRFIO_NCD_LARGE_FILE_SUPPORT  -DDM_PARALLEL -DNETCDF -DLANDREAD_STUB=1 -DUSE_ALLOCATABLES -Dwrfmodel -DGRIB1 -DINTIO -DKEEP_INT_AROUND -DLIMIT_ARGS -DBUILD_RRTMG_FAST=0 -DBUILD_RRTMK=0 -DBUILD_SBM_FAST=1 -DSHOW_ALL_VARS_USED=0 -DCONFIG_BUF_LEN=65536 -DMAX_DOMAINS_F=21 -DMAX_HISTORY=25 -DNMM_NEST=0  -I. -traditional-cpp -DUSE_NETCDF4_FEATURES -DWRFIO_NCD_LARGE_FILE_SUPPORT   module_sf_noahmplsm.G  > module_sf_noahmplsm.bb
/glade/work/galexand/wrf-v-4.4.1-mods-integrated/WRFV4.4.1/tools/standard.exe module_sf_noahmplsm.bb | /lib/cpp -P -nostdinc -traditional-cpp -DUSE_NETCDF4_FEATURES -DWRFIO_NCD_LARGE_FILE_SUPPORT > module_sf_noahmplsm.f90
rm -f module_sf_noahmplsm.G module_sf_noahmplsm.bb
time mpif90 -f90=gfortran -o module_sf_noahmplsm.o -c -O2 -ftree-vectorize -funroll-loops -w -ffree-form -ffree-line-length-none -fconvert=big-endian -frecord-marker=4 -fallow-argument-mismatch -fallow-invalid-boz   -I../dyn_em  -I/glade/work/galexand/wrf-v-4.4.1-mods-integrated/WRFV4.4.1/external/esmf_time_f90  -I/glade/work/galexand/wrf-v-4.4.1-mods-integrated/WRFV4.4.1/main -I/glade/work/galexand/wrf-v-4.4.1-mods-integrated/WRFV4.4.1/external/io_netcdf -I/glade/work/galexand/wrf-v-4.4.1-mods-integrated/WRFV4.4.1/external/io_int -I/glade/work/galexand/wrf-v-4.4.1-mods-integrated/WRFV4.4.1/frame -I/glade/work/galexand/wrf-v-4.4.1-mods-integrated/WRFV4.4.1/share -I/glade/work/galexand/wrf-v-4.4.1-mods-integrated/WRFV4.4.1/phys -I/glade/work/galexand/wrf-v-4.4.1-mods-integrated/WRFV4.4.1/wrftladj -I/glade/work/galexand/wrf-v-4.4.1-mods-integrated/WRFV4.4.1/chem -I/glade/work/galexand/wrf-v-4.4.1-mods-integrated/WRFV4.4.1/inc -I/glade/u/apps/ch/opt/netcdf/4.8.1/gnu/10.1.0/include    module_sf_noahmplsm.f90
gfortran: error: unrecognized command line option ‘-fallow-argument-mismatch’
gfortran: error: unrecognized command line option ‘-fallow-invalid-boz’
0.05user 0.09system 0:00.12elapsed 115%CPU (0avgtext+0avgdata 2316maxresident)k
80inputs+0outputs (1major+10671minor)pagefaults 0swaps
../configure.wrf:358: recipe for target 'module_sf_noahmplsm.o' failed
make[3]: [module_sf_noahmplsm.o] Error 1 (ignored)
rm -f module_sf_noahlsm_glacial_only.o
rm -f module_sf_noahmp_groundwater.o
sed -e "s/^\!.*'.*//" -e "s/^ *\!.*'.*//" module_sf_noahlsm_glacial_only.F > module_sf_noahlsm_glacial_only.G
sed -e "s/^\!.*'.*//" -e "s/^ *\!.*'.*//" module_sf_noahmp_groundwater.F > module_sf_noahmp_groundwater.G
/lib/cpp -P -nostdinc -I/glade/work/galexand/wrf-v-4.4.1-mods-integrated/WRFV4.4.1/inc -DEM_CORE=1 -DNMM_CORE=0 -DNMM_MAX_DIM=2600 -DDA_CORE=0 -DWRFPLUS=0 -DIWORDSIZE=4 -DDWORDSIZE=8 -DRWORDSIZE=4 -DLWORDSIZE=4 -DNONSTANDARD_SYSTEM_SUBR  -DWRF_USE_CLM -DUSE_NETCDF4_FEATURES -DWRFIO_NCD_LARGE_FILE_SUPPORT  -DDM_PARALLEL -DNETCDF -DLANDREAD_STUB=1 -DUSE_ALLOCATABLES -Dwrfmodel -DGRIB1 -DINTIO -DKEEP_INT_AROUND -DLIMIT_ARGS -DBUILD_RRTMG_FAST=0 -DBUILD_RRTMK=0 -DBUILD_SBM_FAST=1 -DSHOW_ALL_VARS_USED=0 -DCONFIG_BUF_LEN=65536 -DMAX_DOMAINS_F=21 -DMAX_HISTORY=25 -DNMM_NEST=0  -I. -traditional-cpp -DUSE_NETCDF4_FEATURES -DWRFIO_NCD_LARGE_FILE_SUPPORT   module_sf_noahmp_groundwater.G  > module_sf_noahmp_groundwater.bb
/lib/cpp -P -nostdinc -I/glade/work/galexand/wrf-v-4.4.1-mods-integrated/WRFV4.4.1/inc -DEM_CORE=1 -DNMM_CORE=0 -DNMM_MAX_DIM=2600 -DDA_CORE=0 -DWRFPLUS=0 -DIWORDSIZE=4 -DDWORDSIZE=8 -DRWORDSIZE=4 -DLWORDSIZE=4 -DNONSTANDARD_SYSTEM_SUBR  -DWRF_USE_CLM -DUSE_NETCDF4_FEATURES -DWRFIO_NCD_LARGE_FILE_SUPPORT  -DDM_PARALLEL -DNETCDF -DLANDREAD_STUB=1 -DUSE_ALLOCATABLES -Dwrfmodel -DGRIB1 -DINTIO -DKEEP_INT_AROUND -DLIMIT_ARGS -DBUILD_RRTMG_FAST=0 -DBUILD_RRTMK=0 -DBUILD_SBM_FAST=1 -DSHOW_ALL_VARS_USED=0 -DCONFIG_BUF_LEN=65536 -DMAX_DOMAINS_F=21 -DMAX_HISTORY=25 -DNMM_NEST=0  -I. -traditional-cpp -DUSE_NETCDF4_FEATURES -DWRFIO_NCD_LARGE_FILE_SUPPORT   module_sf_noahlsm_glacial_only.G  > module_sf_noahlsm_glacial_only.bb
/glade/work/galexand/wrf-v-4.4.1-mods-integrated/WRFV4.4.1/tools/standard.exe module_sf_noahmp_groundwater.bb | /lib/cpp -P -nostdinc -traditional-cpp -DUSE_NETCDF4_FEATURES -DWRFIO_NCD_LARGE_FILE_SUPPORT > module_sf_noahmp_groundwater.f90
/glade/work/galexand/wrf-v-4.4.1-mods-integrated/WRFV4.4.1/tools/standard.exe module_sf_noahlsm_glacial_only.bb | /lib/cpp -P -nostdinc -traditional-cpp -DUSE_NETCDF4_FEATURES -DWRFIO_NCD_LARGE_FILE_SUPPORT > module_sf_noahlsm_glacial_only.f90
rm -f module_sf_noahlsm_glacial_only.G module_sf_noahlsm_glacial_only.bb
rm -f module_sf_noahmp_groundwater.G module_sf_noahmp_groundwater.bb
time mpif90 -f90=gfortran -o module_sf_noahlsm_glacial_only.o -c -O2 -ftree-vectorize -funroll-loops -w -ffree-form -ffree-line-length-none -fconvert=big-endian -frecord-marker=4 -fallow-argument-mismatch -fallow-invalid-boz   -I../dyn_em  -I/glade/work/galexand/wrf-v-4.4.1-mods-integrated/WRFV4.4.1/external/esmf_time_f90  -I/glade/work/galexand/wrf-v-4.4.1-mods-integrated/WRFV4.4.1/main -I/glade/work/galexand/wrf-v-4.4.1-mods-integrated/WRFV4.4.1/external/io_netcdf -I/glade/work/galexand/wrf-v-4.4.1-mods-integrated/WRFV4.4.1/external/io_int -I/glade/work/galexand/wrf-v-4.4.1-mods-integrated/WRFV4.4.1/frame -I/glade/work/galexand/wrf-v-4.4.1-mods-integrated/WRFV4.4.1/share -I/glade/work/galexand/wrf-v-4.4.1-mods-integrated/WRFV4.4.1/phys -I/glade/work/galexand/wrf-v-4.4.1-mods-integrated/WRFV4.4.1/wrftladj -I/glade/work/galexand/wrf-v-4.4.1-mods-integrated/WRFV4.4.1/chem -I/glade/work/galexand/wrf-v-4.4.1-mods-integrated/WRFV4.4.1/inc -I/glade/u/apps/ch/opt/netcdf/4.8.1/gnu/10.1.0/include    module_sf_noahlsm_glacial_only.f90
time mpif90 -f90=gfortran -o module_sf_noahmp_groundwater.o -c -O2 -ftree-vectorize -funroll-loops -w -ffree-form -ffree-line-length-none -fconvert=big-endian -frecord-marker=4 -fallow-argument-mismatch -fallow-invalid-boz   -I../dyn_em  -I/glade/work/galexand/wrf-v-4.4.1-mods-integrated/WRFV4.4.1/external/esmf_time_f90  -I/glade/work/galexand/wrf-v-4.4.1-mods-integrated/WRFV4.4.1/main -I/glade/work/galexand/wrf-v-4.4.1-mods-integrated/WRFV4.4.1/external/io_netcdf -I/glade/work/galexand/wrf-v-4.4.1-mods-integrated/WRFV4.4.1/external/io_int -I/glade/work/galexand/wrf-v-4.4.1-mods-integrated/WRFV4.4.1/frame -I/glade/work/galexand/wrf-v-4.4.1-mods-integrated/WRFV4.4.1/share -I/glade/work/galexand/wrf-v-4.4.1-mods-integrated/WRFV4.4.1/phys -I/glade/work/galexand/wrf-v-4.4.1-mods-integrated/WRFV4.4.1/wrftladj -I/glade/work/galexand/wrf-v-4.4.1-mods-integrated/WRFV4.4.1/chem -I/glade/work/galexand/wrf-v-4.4.1-mods-integrated/WRFV4.4.1/inc -I/glade/u/apps/ch/opt/netcdf/4.8.1/gnu/10.1.0/include    module_sf_noahmp_groundwater.f90
gfortran: error: unrecognized command line option ‘-fallow-argument-mismatch’
gfortran: error: unrecognized command line option ‘-fallow-invalid-boz’
0.05user 0.11system 0:00.12elapsed 139%CPU (0avgtext+0avgdata 2300maxresident)k
0inputs+0outputs (0major+10675minor)pagefaults 0swaps
../configure.wrf:358: recipe for target 'module_sf_noahlsm_glacial_only.o' failed
make[3]: [module_sf_noahlsm_glacial_only.o] Error 1 (ignored)
rm -f module_sf_noahdrv.o
sed -e "s/^\!.*'.*//" -e "s/^ *\!.*'.*//" module_sf_noahdrv.F > module_sf_noahdrv.G
gfortran: error: unrecognized command line option ‘-fallow-argument-mismatch’
gfortran: error: unrecognized command line option ‘-fallow-invalid-boz’
0.04user 0.14system 0:00.13elapsed 143%CPU (0avgtext+0avgdata 2300maxresident)k
0inputs+0outputs (0major+10654minor)pagefaults 0swaps
../configure.wrf:358: recipe for target 'module_sf_noahmp_groundwater.o' failed
make[3]: [module_sf_noahmp_groundwater.o] Error 1 (ignored)
rm -f module_sf_noahmpdrv.o
sed -e "s/^\!.*'.*//" -e "s/^ *\!.*'.*//" module_sf_noahmpdrv.F > module_sf_noahmpdrv.G
/lib/cpp -P -nostdinc -I/glade/work/galexand/wrf-v-4.4.1-mods-integrated/WRFV4.4.1/inc -DEM_CORE=1 -DNMM_CORE=0 -DNMM_MAX_DIM=2600 -DDA_CORE=0 -DWRFPLUS=0 -DIWORDSIZE=4 -DDWORDSIZE=8 -DRWORDSIZE=4 -DLWORDSIZE=4 -DNONSTANDARD_SYSTEM_SUBR  -DWRF_USE_CLM -DUSE_NETCDF4_FEATURES -DWRFIO_NCD_LARGE_FILE_SUPPORT  -DDM_PARALLEL -DNETCDF -DLANDREAD_STUB=1 -DUSE_ALLOCATABLES -Dwrfmodel -DGRIB1 -DINTIO -DKEEP_INT_AROUND -DLIMIT_ARGS -DBUILD_RRTMG_FAST=0 -DBUILD_RRTMK=0 -DBUILD_SBM_FAST=1 -DSHOW_ALL_VARS_USED=0 -DCONFIG_BUF_LEN=65536 -DMAX_DOMAINS_F=21 -DMAX_HISTORY=25 -DNMM_NEST=0  -I. -traditional-cpp -DUSE_NETCDF4_FEATURES -DWRFIO_NCD_LARGE_FILE_SUPPORT   module_sf_noahdrv.G  > module_sf_noahdrv.bb
/lib/cpp -P -nostdinc -I/glade/work/galexand/wrf-v-4.4.1-mods-integrated/WRFV4.4.1/inc -DEM_CORE=1 -DNMM_CORE=0 -DNMM_MAX_DIM=2600 -DDA_CORE=0 -DWRFPLUS=0 -DIWORDSIZE=4 -DDWORDSIZE=8 -DRWORDSIZE=4 -DLWORDSIZE=4 -DNONSTANDARD_SYSTEM_SUBR  -DWRF_USE_CLM -DUSE_NETCDF4_FEATURES -DWRFIO_NCD_LARGE_FILE_SUPPORT  -DDM_PARALLEL -DNETCDF -DLANDREAD_STUB=1 -DUSE_ALLOCATABLES -Dwrfmodel -DGRIB1 -DINTIO -DKEEP_INT_AROUND -DLIMIT_ARGS -DBUILD_RRTMG_FAST=0 -DBUILD_RRTMK=0 -DBUILD_SBM_FAST=1 -DSHOW_ALL_VARS_USED=0 -DCONFIG_BUF_LEN=65536 -DMAX_DOMAINS_F=21 -DMAX_HISTORY=25 -DNMM_NEST=0  -I. -traditional-cpp -DUSE_NETCDF4_FEATURES -DWRFIO_NCD_LARGE_FILE_SUPPORT   module_sf_noahmpdrv.G  > module_sf_noahmpdrv.bb
/glade/work/galexand/wrf-v-4.4.1-mods-integrated/WRFV4.4.1/tools/standard.exe module_sf_noahdrv.bb | /lib/cpp -P -nostdinc -traditional-cpp -DUSE_NETCDF4_FEATURES -DWRFIO_NCD_LARGE_FILE_SUPPORT > module_sf_noahdrv.f90
/glade/work/galexand/wrf-v-4.4.1-mods-integrated/WRFV4.4.1/tools/standard.exe module_sf_noahmpdrv.bb | /lib/cpp -P -nostdinc -traditional-cpp -DUSE_NETCDF4_FEATURES -DWRFIO_NCD_LARGE_FILE_SUPPORT > module_sf_noahmpdrv.f90
rm -f module_sf_noahdrv.G module_sf_noahdrv.bb
time mpif90 -f90=gfortran -o module_sf_noahdrv.o -c -O2 -ftree-vectorize -funroll-loops -w -ffree-form -ffree-line-length-none -fconvert=big-endian -frecord-marker=4 -fallow-argument-mismatch -fallow-invalid-boz   -I../dyn_em  -I/glade/work/galexand/wrf-v-4.4.1-mods-integrated/WRFV4.4.1/external/esmf_time_f90  -I/glade/work/galexand/wrf-v-4.4.1-mods-integrated/WRFV4.4.1/main -I/glade/work/galexand/wrf-v-4.4.1-mods-integrated/WRFV4.4.1/external/io_netcdf -I/glade/work/galexand/wrf-v-4.4.1-mods-integrated/WRFV4.4.1/external/io_int -I/glade/work/galexand/wrf-v-4.4.1-mods-integrated/WRFV4.4.1/frame -I/glade/work/galexand/wrf-v-4.4.1-mods-integrated/WRFV4.4.1/share -I/glade/work/galexand/wrf-v-4.4.1-mods-integrated/WRFV4.4.1/phys -I/glade/work/galexand/wrf-v-4.4.1-mods-integrated/WRFV4.4.1/wrftladj -I/glade/work/galexand/wrf-v-4.4.1-mods-integrated/WRFV4.4.1/chem -I/glade/work/galexand/wrf-v-4.4.1-mods-integrated/WRFV4.4.1/inc -I/glade/u/apps/ch/opt/netcdf/4.8.1/gnu/10.1.0/include    module_sf_noahdrv.f90
rm -f module_sf_noahmpdrv.G module_sf_noahmpdrv.bb
time mpif90 -f90=gfortran -o module_sf_noahmpdrv.o -c -O2 -ftree-vectorize -funroll-loops -w -ffree-form -ffree-line-length-none -fconvert=big-endian -frecord-marker=4 -fallow-argument-mismatch -fallow-invalid-boz   -I../dyn_em  -I/glade/work/galexand/wrf-v-4.4.1-mods-integrated/WRFV4.4.1/external/esmf_time_f90  -I/glade/work/galexand/wrf-v-4.4.1-mods-integrated/WRFV4.4.1/main -I/glade/work/galexand/wrf-v-4.4.1-mods-integrated/WRFV4.4.1/external/io_netcdf -I/glade/work/galexand/wrf-v-4.4.1-mods-integrated/WRFV4.4.1/external/io_int -I/glade/work/galexand/wrf-v-4.4.1-mods-integrated/WRFV4.4.1/frame -I/glade/work/galexand/wrf-v-4.4.1-mods-integrated/WRFV4.4.1/share -I/glade/work/galexand/wrf-v-4.4.1-mods-integrated/WRFV4.4.1/phys -I/glade/work/galexand/wrf-v-4.4.1-mods-integrated/WRFV4.4.1/wrftladj -I/glade/work/galexand/wrf-v-4.4.1-mods-integrated/WRFV4.4.1/chem -I/glade/work/galexand/wrf-v-4.4.1-mods-integrated/WRFV4.4.1/inc -I/glade/u/apps/ch/opt/netcdf/4.8.1/gnu/10.1.0/include    module_sf_noahmpdrv.f90
gfortran: error: unrecognized command line option ‘-fallow-argument-mismatch’
gfortran: error: unrecognized command line option ‘-fallow-invalid-boz’
0.04user 0.12system 0:00.12elapsed 132%CPU (0avgtext+0avgdata 2292maxresident)k
0inputs+0outputs (0major+10664minor)pagefaults 0swaps
../configure.wrf:358: recipe for target 'module_sf_noahdrv.o' failed
make[3]: [module_sf_noahdrv.o] Error 1 (ignored)
gfortran: error: unrecognized command line option ‘-fallow-argument-mismatch’
gfortran: error: unrecognized command line option ‘-fallow-invalid-boz’
0.02user 0.13system 0:00.11elapsed 134%CPU (0avgtext+0avgdata 2308maxresident)k
0inputs+0outputs (0major+10667minor)pagefaults 0swaps
../configure.wrf:358: recipe for target 'module_sf_noahmpdrv.o' failed
make[3]: [module_sf_noahmpdrv.o] Error 1 (ignored)
rm -f module_physics_init.o
rm -f module_surface_driver.o
/lib/cpp -P -nostdinc -I/glade/work/galexand/wrf-v-4.4.1-mods-integrated/WRFV4.4.1/inc -DEM_CORE=1 -DNMM_CORE=0 -DNMM_MAX_DIM=2600 -DDA_CORE=0 -DWRFPLUS=0 -DIWORDSIZE=4 -DDWORDSIZE=8 -DRWORDSIZE=4 -DLWORDSIZE=4 -DNONSTANDARD_SYSTEM_SUBR  -DWRF_USE_CLM -DUSE_NETCDF4_FEATURES -DWRFIO_NCD_LARGE_FILE_SUPPORT  -DDM_PARALLEL -DNETCDF -DLANDREAD_STUB=1 -DUSE_ALLOCATABLES -Dwrfmodel -DGRIB1 -DINTIO -DKEEP_INT_AROUND -DLIMIT_ARGS -DBUILD_RRTMG_FAST=0 -DBUILD_RRTMK=0 -DBUILD_SBM_FAST=1 -DSHOW_ALL_VARS_USED=0 -DCONFIG_BUF_LEN=65536 -DMAX_DOMAINS_F=21 -DMAX_HISTORY=25 -DNMM_NEST=0  -I. -traditional-cpp -DUSE_NETCDF4_FEATURES -DWRFIO_NCD_LARGE_FILE_SUPPORT   module_physics_init.F  > module_physics_init.bb
sed -e "s/^\!.*'.*//" -e "s/^ *\!.*'.*//" module_surface_driver.F > module_surface_driver.G
/lib/cpp -P -nostdinc -I/glade/work/galexand/wrf-v-4.4.1-mods-integrated/WRFV4.4.1/inc -DEM_CORE=1 -DNMM_CORE=0 -DNMM_MAX_DIM=2600 -DDA_CORE=0 -DWRFPLUS=0 -DIWORDSIZE=4 -DDWORDSIZE=8 -DRWORDSIZE=4 -DLWORDSIZE=4 -DNONSTANDARD_SYSTEM_SUBR  -DWRF_USE_CLM -DUSE_NETCDF4_FEATURES -DWRFIO_NCD_LARGE_FILE_SUPPORT  -DDM_PARALLEL -DNETCDF -DLANDREAD_STUB=1 -DUSE_ALLOCATABLES -Dwrfmodel -DGRIB1 -DINTIO -DKEEP_INT_AROUND -DLIMIT_ARGS -DBUILD_RRTMG_FAST=0 -DBUILD_RRTMK=0 -DBUILD_SBM_FAST=1 -DSHOW_ALL_VARS_USED=0 -DCONFIG_BUF_LEN=65536 -DMAX_DOMAINS_F=21 -DMAX_HISTORY=25 -DNMM_NEST=0  -I. -traditional-cpp -DUSE_NETCDF4_FEATURES -DWRFIO_NCD_LARGE_FILE_SUPPORT   module_surface_driver.G  > module_surface_driver.bb
/glade/work/galexand/wrf-v-4.4.1-mods-integrated/WRFV4.4.1/tools/standard.exe module_physics_init.bb | /lib/cpp -P -nostdinc -traditional-cpp -DUSE_NETCDF4_FEATURES -DWRFIO_NCD_LARGE_FILE_SUPPORT > module_physics_init.f90
/glade/work/galexand/wrf-v-4.4.1-mods-integrated/WRFV4.4.1/tools/standard.exe module_surface_driver.bb | /lib/cpp -P -nostdinc -traditional-cpp -DUSE_NETCDF4_FEATURES -DWRFIO_NCD_LARGE_FILE_SUPPORT > module_surface_driver.f90
rm -f module_physics_init.b module_physics_init.bb
time mpif90 -f90=gfortran -c   -O0 -w -ffree-form -ffree-line-length-none -fconvert=big-endian -frecord-marker=4 -fallow-argument-mismatch -fallow-invalid-boz  -I../dyn_em  -I/glade/work/galexand/wrf-v-4.4.1-mods-integrated/WRFV4.4.1/external/esmf_time_f90  -I/glade/work/galexand/wrf-v-4.4.1-mods-integrated/WRFV4.4.1/main -I/glade/work/galexand/wrf-v-4.4.1-mods-integrated/WRFV4.4.1/external/io_netcdf -I/glade/work/galexand/wrf-v-4.4.1-mods-integrated/WRFV4.4.1/external/io_int -I/glade/work/galexand/wrf-v-4.4.1-mods-integrated/WRFV4.4.1/frame -I/glade/work/galexand/wrf-v-4.4.1-mods-integrated/WRFV4.4.1/share -I/glade/work/galexand/wrf-v-4.4.1-mods-integrated/WRFV4.4.1/phys -I/glade/work/galexand/wrf-v-4.4.1-mods-integrated/WRFV4.4.1/wrftladj -I/glade/work/galexand/wrf-v-4.4.1-mods-integrated/WRFV4.4.1/chem -I/glade/work/galexand/wrf-v-4.4.1-mods-integrated/WRFV4.4.1/inc -I/glade/u/apps/ch/opt/netcdf/4.8.1/gnu/10.1.0/include  module_physics_init.f90
rm -f module_surface_driver.G module_surface_driver.bb
time mpif90 -f90=gfortran -o module_surface_driver.o -c -O2 -ftree-vectorize -funroll-loops -w -ffree-form -ffree-line-length-none -fconvert=big-endian -frecord-marker=4 -fallow-argument-mismatch -fallow-invalid-boz   -I../dyn_em  -I/glade/work/galexand/wrf-v-4.4.1-mods-integrated/WRFV4.4.1/external/esmf_time_f90  -I/glade/work/galexand/wrf-v-4.4.1-mods-integrated/WRFV4.4.1/main -I/glade/work/galexand/wrf-v-4.4.1-mods-integrated/WRFV4.4.1/external/io_netcdf -I/glade/work/galexand/wrf-v-4.4.1-mods-integrated/WRFV4.4.1/external/io_int -I/glade/work/galexand/wrf-v-4.4.1-mods-integrated/WRFV4.4.1/frame -I/glade/work/galexand/wrf-v-4.4.1-mods-integrated/WRFV4.4.1/share -I/glade/work/galexand/wrf-v-4.4.1-mods-integrated/WRFV4.4.1/phys -I/glade/work/galexand/wrf-v-4.4.1-mods-integrated/WRFV4.4.1/wrftladj -I/glade/work/galexand/wrf-v-4.4.1-mods-integrated/WRFV4.4.1/chem -I/glade/work/galexand/wrf-v-4.4.1-mods-integrated/WRFV4.4.1/inc -I/glade/u/apps/ch/opt/netcdf/4.8.1/gnu/10.1.0/include    module_surface_driver.f90
gfortran: error: unrecognized command line option ‘-fallow-argument-mismatch’
gfortran: error: unrecognized command line option ‘-fallow-invalid-boz’
0.03user 0.12system 0:00.11elapsed 135%CPU (0avgtext+0avgdata 2296maxresident)k
0inputs+0outputs (0major+10647minor)pagefaults 0swaps
../configure.wrf:548: recipe for target 'module_physics_init.o' failed
make[3]: [module_physics_init.o] Error 1 (ignored)
gfortran: error: unrecognized command line option ‘-fallow-argument-mismatch’
gfortran: error: unrecognized command line option ‘-fallow-invalid-boz’
0.03user 0.13system 0:00.12elapsed 134%CPU (0avgtext+0avgdata 2272maxresident)k
0inputs+0outputs (0major+10657minor)pagefaults 0swaps
../configure.wrf:358: recipe for target 'module_surface_driver.o' failed
make[3]: [module_surface_driver.o] Error 1 (ignored)
make[3]: Leaving directory '/glade/work/galexand/wrf-v-4.4.1-mods-integrated/WRFV4.4.1/phys'
ar: module_sf_noahdrv.o: No such file or directory
Makefile:236: recipe for target 'physics' failed
make[2]: [physics] Error 1 (ignored)
make[2]: Leaving directory '/glade/work/galexand/wrf-v-4.4.1-mods-integrated/WRFV4.4.1/phys'
/bin/sh: line 2: [: -eq: unary operator expected
make[1]: Leaving directory '/glade/work/galexand/wrf-v-4.4.1-mods-integrated/WRFV4.4.1'
------------------------------------------------------------------------------
NoahMP submodule files populating WRF directories
------------------------------------------------------------------------------
if [ 0  -eq 1 ]    ; then make -i -r MODULE_DIRS="-I../dyn_em  -I/glade/work/galexand/wrf-v-4.4.1-mods-integrated/WRFV4.4.1/external/esmf_time_f90  -I/glade/work/galexand/wrf-v-4.4.1-mods-integrated/WRFV4.4.1/main -I/glade/work/galexand/wrf-v-4.4.1-mods-integrated/WRFV4.4.1/external/io_netcdf -I/glade/work/galexand/wrf-v-4.4.1-mods-integrated/WRFV4.4.1/external/io_int -I/glade/work/galexand/wrf-v-4.4.1-mods-integrated/WRFV4.4.1/frame -I/glade/work/galexand/wrf-v-4.4.1-mods-integrated/WRFV4.4.1/share -I/glade/work/galexand/wrf-v-4.4.1-mods-integrated/WRFV4.4.1/phys -I/glade/work/galexand/wrf-v-4.4.1-mods-integrated/WRFV4.4.1/wrftladj -I/glade/work/galexand/wrf-v-4.4.1-mods-integrated/WRFV4.4.1/chem -I/glade/work/galexand/wrf-v-4.4.1-mods-integrated/WRFV4.4.1/inc -I/glade/u/apps/ch/opt/netcdf/4.8.1/gnu/10.1.0/include " chemics ; fi
if [ 1 -eq 1 ]    ; then make -i -r MODULE_DIRS="-I../dyn_em  -I/glade/work/galexand/wrf-v-4.4.1-mods-integrated/WRFV4.4.1/external/esmf_time_f90  -I/glade/work/galexand/wrf-v-4.4.1-mods-integrated/WRFV4.4.1/main -I/glade/work/galexand/wrf-v-4.4.1-mods-integrated/WRFV4.4.1/external/io_netcdf -I/glade/work/galexand/wrf-v-4.4.1-mods-integrated/WRFV4.4.1/external/io_int -I/glade/work/galexand/wrf-v-4.4.1-mods-integrated/WRFV4.4.1/frame -I/glade/work/galexand/wrf-v-4.4.1-mods-integrated/WRFV4.4.1/share -I/glade/work/galexand/wrf-v-4.4.1-mods-integrated/WRFV4.4.1/phys -I/glade/work/galexand/wrf-v-4.4.1-mods-integrated/WRFV4.4.1/wrftladj -I/glade/work/galexand/wrf-v-4.4.1-mods-integrated/WRFV4.4.1/chem -I/glade/work/galexand/wrf-v-4.4.1-mods-integrated/WRFV4.4.1/inc -I/glade/u/apps/ch/opt/netcdf/4.8.1/gnu/10.1.0/include " em_core ; fi
make[1]: Entering directory '/glade/work/galexand/wrf-v-4.4.1-mods-integrated/WRFV4.4.1'
--------------------------------------
if [ 0  -eq 0 ] ; then \
	CF= ; \
else \
	CF="../chem/module_aerosols_sorgam.o ../chem/module_gocart_aerosols.o ../chem/module_mosaic_driver.o ../chem/module_input_tracer.o ../chem/module_aerosols_soa_vbs.o" ; \
fi
( cd dyn_em ; make -i -r -j 2 CF="" )
make[2]: Entering directory '/glade/work/galexand/wrf-v-4.4.1-mods-integrated/WRFV4.4.1/dyn_em'
rm -f ../phys/module_surface_driver.o
rm -f ../phys/module_physics_init.o
sed -e "s/^\!.*'.*//" -e "s/^ *\!.*'.*//" ../phys/module_surface_driver.F > ../phys/module_surface_driver.G
sed -e "s/^\!.*'.*//" -e "s/^ *\!.*'.*//" ../phys/module_physics_init.F > ../phys/module_physics_init.G
/lib/cpp -P -nostdinc -I/glade/work/galexand/wrf-v-4.4.1-mods-integrated/WRFV4.4.1/inc -DEM_CORE=1 -DNMM_CORE=0 -DNMM_MAX_DIM=2600 -DDA_CORE=0 -DWRFPLUS=0 -DIWORDSIZE=4 -DDWORDSIZE=8 -DRWORDSIZE=4 -DLWORDSIZE=4 -DNONSTANDARD_SYSTEM_SUBR  -DWRF_USE_CLM -DUSE_NETCDF4_FEATURES -DWRFIO_NCD_LARGE_FILE_SUPPORT  -DDM_PARALLEL -DNETCDF -DLANDREAD_STUB=1 -DUSE_ALLOCATABLES -Dwrfmodel -DGRIB1 -DINTIO -DKEEP_INT_AROUND -DLIMIT_ARGS -DBUILD_RRTMG_FAST=0 -DBUILD_RRTMK=0 -DBUILD_SBM_FAST=1 -DSHOW_ALL_VARS_USED=0 -DCONFIG_BUF_LEN=65536 -DMAX_DOMAINS_F=21 -DMAX_HISTORY=25 -DNMM_NEST=0  -I. -traditional-cpp -DUSE_NETCDF4_FEATURES -DWRFIO_NCD_LARGE_FILE_SUPPORT   ../phys/module_surface_driver.G  > ../phys/module_surface_driver.bb
/lib/cpp -P -nostdinc -I/glade/work/galexand/wrf-v-4.4.1-mods-integrated/WRFV4.4.1/inc -DEM_CORE=1 -DNMM_CORE=0 -DNMM_MAX_DIM=2600 -DDA_CORE=0 -DWRFPLUS=0 -DIWORDSIZE=4 -DDWORDSIZE=8 -DRWORDSIZE=4 -DLWORDSIZE=4 -DNONSTANDARD_SYSTEM_SUBR  -DWRF_USE_CLM -DUSE_NETCDF4_FEATURES -DWRFIO_NCD_LARGE_FILE_SUPPORT  -DDM_PARALLEL -DNETCDF -DLANDREAD_STUB=1 -DUSE_ALLOCATABLES -Dwrfmodel -DGRIB1 -DINTIO -DKEEP_INT_AROUND -DLIMIT_ARGS -DBUILD_RRTMG_FAST=0 -DBUILD_RRTMK=0 -DBUILD_SBM_FAST=1 -DSHOW_ALL_VARS_USED=0 -DCONFIG_BUF_LEN=65536 -DMAX_DOMAINS_F=21 -DMAX_HISTORY=25 -DNMM_NEST=0  -I. -traditional-cpp -DUSE_NETCDF4_FEATURES -DWRFIO_NCD_LARGE_FILE_SUPPORT   ../phys/module_physics_init.G  > ../phys/module_physics_init.bb
/glade/work/galexand/wrf-v-4.4.1-mods-integrated/WRFV4.4.1/tools/standard.exe ../phys/module_physics_init.bb | /lib/cpp -P -nostdinc -traditional-cpp -DUSE_NETCDF4_FEATURES -DWRFIO_NCD_LARGE_FILE_SUPPORT > ../phys/module_physics_init.f90
/glade/work/galexand/wrf-v-4.4.1-mods-integrated/WRFV4.4.1/tools/standard.exe ../phys/module_surface_driver.bb | /lib/cpp -P -nostdinc -traditional-cpp -DUSE_NETCDF4_FEATURES -DWRFIO_NCD_LARGE_FILE_SUPPORT > ../phys/module_surface_driver.f90
rm -f ../phys/module_physics_init.G ../phys/module_physics_init.bb
rm -f ../phys/module_surface_driver.G ../phys/module_surface_driver.bb
time mpif90 -f90=gfortran -o ../phys/module_physics_init.o -c -O2 -ftree-vectorize -funroll-loops -w -ffree-form -ffree-line-length-none -fconvert=big-endian -frecord-marker=4 -fallow-argument-mismatch -fallow-invalid-boz   -I../dyn_em  -I/glade/work/galexand/wrf-v-4.4.1-mods-integrated/WRFV4.4.1/external/esmf_time_f90  -I/glade/work/galexand/wrf-v-4.4.1-mods-integrated/WRFV4.4.1/main -I/glade/work/galexand/wrf-v-4.4.1-mods-integrated/WRFV4.4.1/external/io_netcdf -I/glade/work/galexand/wrf-v-4.4.1-mods-integrated/WRFV4.4.1/external/io_int -I/glade/work/galexand/wrf-v-4.4.1-mods-integrated/WRFV4.4.1/frame -I/glade/work/galexand/wrf-v-4.4.1-mods-integrated/WRFV4.4.1/share -I/glade/work/galexand/wrf-v-4.4.1-mods-integrated/WRFV4.4.1/phys -I/glade/work/galexand/wrf-v-4.4.1-mods-integrated/WRFV4.4.1/wrftladj -I/glade/work/galexand/wrf-v-4.4.1-mods-integrated/WRFV4.4.1/chem -I/glade/work/galexand/wrf-v-4.4.1-mods-integrated/WRFV4.4.1/inc -I/glade/u/apps/ch/opt/netcdf/4.8.1/gnu/10.1.0/include    ../phys/module_physics_init.f90
time mpif90 -f90=gfortran -o ../phys/module_surface_driver.o -c -O2 -ftree-vectorize -funroll-loops -w -ffree-form -ffree-line-length-none -fconvert=big-endian -frecord-marker=4 -fallow-argument-mismatch -fallow-invalid-boz   -I../dyn_em  -I/glade/work/galexand/wrf-v-4.4.1-mods-integrated/WRFV4.4.1/external/esmf_time_f90  -I/glade/work/galexand/wrf-v-4.4.1-mods-integrated/WRFV4.4.1/main -I/glade/work/galexand/wrf-v-4.4.1-mods-integrated/WRFV4.4.1/external/io_netcdf -I/glade/work/galexand/wrf-v-4.4.1-mods-integrated/WRFV4.4.1/external/io_int -I/glade/work/galexand/wrf-v-4.4.1-mods-integrated/WRFV4.4.1/frame -I/glade/work/galexand/wrf-v-4.4.1-mods-integrated/WRFV4.4.1/share -I/glade/work/galexand/wrf-v-4.4.1-mods-integrated/WRFV4.4.1/phys -I/glade/work/galexand/wrf-v-4.4.1-mods-integrated/WRFV4.4.1/wrftladj -I/glade/work/galexand/wrf-v-4.4.1-mods-integrated/WRFV4.4.1/chem -I/glade/work/galexand/wrf-v-4.4.1-mods-integrated/WRFV4.4.1/inc -I/glade/u/apps/ch/opt/netcdf/4.8.1/gnu/10.1.0/include    ../phys/module_surface_driver.f90
gfortran: error: unrecognized command line option ‘-fallow-argument-mismatch’
gfortran: error: unrecognized command line option ‘-fallow-invalid-boz’
0.01user 0.14system 0:00.12elapsed 135%CPU (0avgtext+0avgdata 2304maxresident)k
0inputs+0outputs (0major+10670minor)pagefaults 0swaps
../configure.wrf:358: recipe for target '../phys/module_physics_init.o' failed
make[2]: [../phys/module_physics_init.o] Error 1 (ignored)
rm -f start_em.o
sed -e "s/^\!.*'.*//" -e "s/^ *\!.*'.*//" start_em.F > start_em.G
gfortran: error: unrecognized command line option ‘-fallow-argument-mismatch’
gfortran: error: unrecognized command line option ‘-fallow-invalid-boz’
0.02user 0.15system 0:00.13elapsed 133%CPU (0avgtext+0avgdata 2296maxresident)k
0inputs+0outputs (0major+10661minor)pagefaults 0swaps
../configure.wrf:358: recipe for target '../phys/module_surface_driver.o' failed
make[2]: [../phys/module_surface_driver.o] Error 1 (ignored)
rm -f module_first_rk_step_part1.o
sed -e "s/^\!.*'.*//" -e "s/^ *\!.*'.*//" module_first_rk_step_part1.F > module_first_rk_step_part1.G
/lib/cpp -P -nostdinc -I/glade/work/galexand/wrf-v-4.4.1-mods-integrated/WRFV4.4.1/inc -DEM_CORE=1 -DNMM_CORE=0 -DNMM_MAX_DIM=2600 -DDA_CORE=0 -DWRFPLUS=0 -DIWORDSIZE=4 -DDWORDSIZE=8 -DRWORDSIZE=4 -DLWORDSIZE=4 -DNONSTANDARD_SYSTEM_SUBR  -DWRF_USE_CLM -DUSE_NETCDF4_FEATURES -DWRFIO_NCD_LARGE_FILE_SUPPORT  -DDM_PARALLEL -DNETCDF -DLANDREAD_STUB=1 -DUSE_ALLOCATABLES -Dwrfmodel -DGRIB1 -DINTIO -DKEEP_INT_AROUND -DLIMIT_ARGS -DBUILD_RRTMG_FAST=0 -DBUILD_RRTMK=0 -DBUILD_SBM_FAST=1 -DSHOW_ALL_VARS_USED=0 -DCONFIG_BUF_LEN=65536 -DMAX_DOMAINS_F=21 -DMAX_HISTORY=25 -DNMM_NEST=0  -I. -traditional-cpp -DUSE_NETCDF4_FEATURES -DWRFIO_NCD_LARGE_FILE_SUPPORT   start_em.G  > start_em.bb
/lib/cpp -P -nostdinc -I/glade/work/galexand/wrf-v-4.4.1-mods-integrated/WRFV4.4.1/inc -DEM_CORE=1 -DNMM_CORE=0 -DNMM_MAX_DIM=2600 -DDA_CORE=0 -DWRFPLUS=0 -DIWORDSIZE=4 -DDWORDSIZE=8 -DRWORDSIZE=4 -DLWORDSIZE=4 -DNONSTANDARD_SYSTEM_SUBR  -DWRF_USE_CLM -DUSE_NETCDF4_FEATURES -DWRFIO_NCD_LARGE_FILE_SUPPORT  -DDM_PARALLEL -DNETCDF -DLANDREAD_STUB=1 -DUSE_ALLOCATABLES -Dwrfmodel -DGRIB1 -DINTIO -DKEEP_INT_AROUND -DLIMIT_ARGS -DBUILD_RRTMG_FAST=0 -DBUILD_RRTMK=0 -DBUILD_SBM_FAST=1 -DSHOW_ALL_VARS_USED=0 -DCONFIG_BUF_LEN=65536 -DMAX_DOMAINS_F=21 -DMAX_HISTORY=25 -DNMM_NEST=0  -I. -traditional-cpp -DUSE_NETCDF4_FEATURES -DWRFIO_NCD_LARGE_FILE_SUPPORT   module_first_rk_step_part1.G  > module_first_rk_step_part1.bb
/glade/work/galexand/wrf-v-4.4.1-mods-integrated/WRFV4.4.1/tools/standard.exe module_first_rk_step_part1.bb | /lib/cpp -P -nostdinc -traditional-cpp -DUSE_NETCDF4_FEATURES -DWRFIO_NCD_LARGE_FILE_SUPPORT > module_first_rk_step_part1.f90
/glade/work/galexand/wrf-v-4.4.1-mods-integrated/WRFV4.4.1/tools/standard.exe start_em.bb | /lib/cpp -P -nostdinc -traditional-cpp -DUSE_NETCDF4_FEATURES -DWRFIO_NCD_LARGE_FILE_SUPPORT > start_em.f90
rm -f module_first_rk_step_part1.G module_first_rk_step_part1.bb
rm -f start_em.G start_em.bb
time mpif90 -f90=gfortran -o module_first_rk_step_part1.o -c -O2 -ftree-vectorize -funroll-loops -w -ffree-form -ffree-line-length-none -fconvert=big-endian -frecord-marker=4 -fallow-argument-mismatch -fallow-invalid-boz   -I../dyn_em  -I/glade/work/galexand/wrf-v-4.4.1-mods-integrated/WRFV4.4.1/external/esmf_time_f90  -I/glade/work/galexand/wrf-v-4.4.1-mods-integrated/WRFV4.4.1/main -I/glade/work/galexand/wrf-v-4.4.1-mods-integrated/WRFV4.4.1/external/io_netcdf -I/glade/work/galexand/wrf-v-4.4.1-mods-integrated/WRFV4.4.1/external/io_int -I/glade/work/galexand/wrf-v-4.4.1-mods-integrated/WRFV4.4.1/frame -I/glade/work/galexand/wrf-v-4.4.1-mods-integrated/WRFV4.4.1/share -I/glade/work/galexand/wrf-v-4.4.1-mods-integrated/WRFV4.4.1/phys -I/glade/work/galexand/wrf-v-4.4.1-mods-integrated/WRFV4.4.1/wrftladj -I/glade/work/galexand/wrf-v-4.4.1-mods-integrated/WRFV4.4.1/chem -I/glade/work/galexand/wrf-v-4.4.1-mods-integrated/WRFV4.4.1/inc -I/glade/u/apps/ch/opt/netcdf/4.8.1/gnu/10.1.0/include    module_first_rk_step_part1.f90
time mpif90 -f90=gfortran -o start_em.o -c -O2 -ftree-vectorize -funroll-loops -w -ffree-form -ffree-line-length-none -fconvert=big-endian -frecord-marker=4 -fallow-argument-mismatch -fallow-invalid-boz   -I../dyn_em  -I/glade/work/galexand/wrf-v-4.4.1-mods-integrated/WRFV4.4.1/external/esmf_time_f90  -I/glade/work/galexand/wrf-v-4.4.1-mods-integrated/WRFV4.4.1/main -I/glade/work/galexand/wrf-v-4.4.1-mods-integrated/WRFV4.4.1/external/io_netcdf -I/glade/work/galexand/wrf-v-4.4.1-mods-integrated/WRFV4.4.1/external/io_int -I/glade/work/galexand/wrf-v-4.4.1-mods-integrated/WRFV4.4.1/frame -I/glade/work/galexand/wrf-v-4.4.1-mods-integrated/WRFV4.4.1/share -I/glade/work/galexand/wrf-v-4.4.1-mods-integrated/WRFV4.4.1/phys -I/glade/work/galexand/wrf-v-4.4.1-mods-integrated/WRFV4.4.1/wrftladj -I/glade/work/galexand/wrf-v-4.4.1-mods-integrated/WRFV4.4.1/chem -I/glade/work/galexand/wrf-v-4.4.1-mods-integrated/WRFV4.4.1/inc -I/glade/u/apps/ch/opt/netcdf/4.8.1/gnu/10.1.0/include    start_em.f90
gfortran: error: unrecognized command line option ‘-fallow-argument-mismatch’
gfortran: error: unrecognized command line option ‘-fallow-invalid-boz’
0.05user 0.10system 0:00.11elapsed 140%CPU (0avgtext+0avgdata 2316maxresident)k
0inputs+0outputs (0major+10696minor)pagefaults 0swaps
../configure.wrf:358: recipe for target 'start_em.o' failed
make[2]: [start_em.o] Error 1 (ignored)
gfortran: error: unrecognized command line option ‘-fallow-argument-mismatch’
gfortran: error: unrecognized command line option ‘-fallow-invalid-boz’
0.02user 0.14system 0:00.12elapsed 135%CPU (0avgtext+0avgdata 2300maxresident)k
0inputs+0outputs (0major+10667minor)pagefaults 0swaps
../configure.wrf:358: recipe for target 'module_first_rk_step_part1.o' failed
make[2]: [module_first_rk_step_part1.o] Error 1 (ignored)
rm -f solve_em.o
sed -e "s/^\!.*'.*//" -e "s/^ *\!.*'.*//" solve_em.F > solve_em.G
/lib/cpp -P -nostdinc -I/glade/work/galexand/wrf-v-4.4.1-mods-integrated/WRFV4.4.1/inc -DEM_CORE=1 -DNMM_CORE=0 -DNMM_MAX_DIM=2600 -DDA_CORE=0 -DWRFPLUS=0 -DIWORDSIZE=4 -DDWORDSIZE=8 -DRWORDSIZE=4 -DLWORDSIZE=4 -DNONSTANDARD_SYSTEM_SUBR  -DWRF_USE_CLM -DUSE_NETCDF4_FEATURES -DWRFIO_NCD_LARGE_FILE_SUPPORT  -DDM_PARALLEL -DNETCDF -DLANDREAD_STUB=1 -DUSE_ALLOCATABLES -Dwrfmodel -DGRIB1 -DINTIO -DKEEP_INT_AROUND -DLIMIT_ARGS -DBUILD_RRTMG_FAST=0 -DBUILD_RRTMK=0 -DBUILD_SBM_FAST=1 -DSHOW_ALL_VARS_USED=0 -DCONFIG_BUF_LEN=65536 -DMAX_DOMAINS_F=21 -DMAX_HISTORY=25 -DNMM_NEST=0  -I. -traditional-cpp -DUSE_NETCDF4_FEATURES -DWRFIO_NCD_LARGE_FILE_SUPPORT   solve_em.G  > solve_em.bb
/glade/work/galexand/wrf-v-4.4.1-mods-integrated/WRFV4.4.1/tools/standard.exe solve_em.bb | /lib/cpp -P -nostdinc -traditional-cpp -DUSE_NETCDF4_FEATURES -DWRFIO_NCD_LARGE_FILE_SUPPORT > solve_em.f90
rm -f solve_em.G solve_em.bb
time mpif90 -f90=gfortran -o solve_em.o -c -O2 -ftree-vectorize -funroll-loops -w -ffree-form -ffree-line-length-none -fconvert=big-endian -frecord-marker=4 -fallow-argument-mismatch -fallow-invalid-boz   -I../dyn_em  -I/glade/work/galexand/wrf-v-4.4.1-mods-integrated/WRFV4.4.1/external/esmf_time_f90  -I/glade/work/galexand/wrf-v-4.4.1-mods-integrated/WRFV4.4.1/main -I/glade/work/galexand/wrf-v-4.4.1-mods-integrated/WRFV4.4.1/external/io_netcdf -I/glade/work/galexand/wrf-v-4.4.1-mods-integrated/WRFV4.4.1/external/io_int -I/glade/work/galexand/wrf-v-4.4.1-mods-integrated/WRFV4.4.1/frame -I/glade/work/galexand/wrf-v-4.4.1-mods-integrated/WRFV4.4.1/share -I/glade/work/galexand/wrf-v-4.4.1-mods-integrated/WRFV4.4.1/phys -I/glade/work/galexand/wrf-v-4.4.1-mods-integrated/WRFV4.4.1/wrftladj -I/glade/work/galexand/wrf-v-4.4.1-mods-integrated/WRFV4.4.1/chem -I/glade/work/galexand/wrf-v-4.4.1-mods-integrated/WRFV4.4.1/inc -I/glade/u/apps/ch/opt/netcdf/4.8.1/gnu/10.1.0/include    solve_em.f90
gfortran: error: unrecognized command line option ‘-fallow-argument-mismatch’
gfortran: error: unrecognized command line option ‘-fallow-invalid-boz’
0.04user 0.09system 0:00.10elapsed 136%CPU (0avgtext+0avgdata 2276maxresident)k
0inputs+0outputs (0major+10689minor)pagefaults 0swaps
../configure.wrf:358: recipe for target 'solve_em.o' failed
make[2]: [solve_em.o] Error 1 (ignored)
ar ru ../main/libwrflib.a module_advect_em.o module_ieva_em.o module_diffusion_em.o module_small_step_em.o module_big_step_utilities_em.o module_em.o module_solvedebug_em.o module_bc_em.o module_init_utilities.o module_wps_io_arw.o module_damping_em.o module_polarfft.o module_force_scm.o module_first_rk_step_part1.o module_first_rk_step_part2.o module_avgflx_em.o module_sfs_nba.o module_convtrans_prep.o module_sfs_driver.o module_stoch.o module_after_all_rk_steps.o  init_modules_em.o solve_em.o start_em.o shift_domain_em.o couple_or_uncouple_em.o nest_init_utils.o adapt_timestep_em.o interp_domain_em.o
ar: module_first_rk_step_part1.o: No such file or directory
Makefile:58: recipe for target 'dyn_em' failed
make[2]: [dyn_em] Error 1 (ignored)
make[2]: Leaving directory '/glade/work/galexand/wrf-v-4.4.1-mods-integrated/WRFV4.4.1/dyn_em'
make[1]: Leaving directory '/glade/work/galexand/wrf-v-4.4.1-mods-integrated/WRFV4.4.1'
if [ 0 -eq 1 ]   ; then make -i -r MODULE_DIRS="-I../dyn_em  -I/glade/work/galexand/wrf-v-4.4.1-mods-integrated/WRFV4.4.1/external/esmf_time_f90  -I/glade/work/galexand/wrf-v-4.4.1-mods-integrated/WRFV4.4.1/main -I/glade/work/galexand/wrf-v-4.4.1-mods-integrated/WRFV4.4.1/external/io_netcdf -I/glade/work/galexand/wrf-v-4.4.1-mods-integrated/WRFV4.4.1/external/io_int -I/glade/work/galexand/wrf-v-4.4.1-mods-integrated/WRFV4.4.1/frame -I/glade/work/galexand/wrf-v-4.4.1-mods-integrated/WRFV4.4.1/share -I/glade/work/galexand/wrf-v-4.4.1-mods-integrated/WRFV4.4.1/phys -I/glade/work/galexand/wrf-v-4.4.1-mods-integrated/WRFV4.4.1/wrftladj -I/glade/work/galexand/wrf-v-4.4.1-mods-integrated/WRFV4.4.1/chem -I/glade/work/galexand/wrf-v-4.4.1-mods-integrated/WRFV4.4.1/inc -I/glade/u/apps/ch/opt/netcdf/4.8.1/gnu/10.1.0/include " wrf_hydro ; fi
( cd main ; make -i -r RLFLAGS="" MODULE_DIRS="-I../dyn_em  -I/glade/work/galexand/wrf-v-4.4.1-mods-integrated/WRFV4.4.1/external/esmf_time_f90  -I/glade/work/galexand/wrf-v-4.4.1-mods-integrated/WRFV4.4.1/main -I/glade/work/galexand/wrf-v-4.4.1-mods-integrated/WRFV4.4.1/external/io_netcdf -I/glade/work/galexand/wrf-v-4.4.1-mods-integrated/WRFV4.4.1/external/io_int -I/glade/work/galexand/wrf-v-4.4.1-mods-integrated/WRFV4.4.1/frame -I/glade/work/galexand/wrf-v-4.4.1-mods-integrated/WRFV4.4.1/share -I/glade/work/galexand/wrf-v-4.4.1-mods-integrated/WRFV4.4.1/phys -I/glade/work/galexand/wrf-v-4.4.1-mods-integrated/WRFV4.4.1/wrftladj -I/glade/work/galexand/wrf-v-4.4.1-mods-integrated/WRFV4.4.1/chem -I/glade/work/galexand/wrf-v-4.4.1-mods-integrated/WRFV4.4.1/inc -I/glade/u/apps/ch/opt/netcdf/4.8.1/gnu/10.1.0/include " SOLVER=em em_wrf )
make[1]: Entering directory '/glade/work/galexand/wrf-v-4.4.1-mods-integrated/WRFV4.4.1/main'
ranlib  libwrflib.a
time mpif90 -f90=gfortran -o wrf.exe  -O2 -ftree-vectorize -funroll-loops -w -ffree-form -ffree-line-length-none -fconvert=big-endian -frecord-marker=4 -fallow-argument-mismatch -fallow-invalid-boz    wrf.o ../main/module_wrf_top.o libwrflib.a  /glade/work/galexand/wrf-v-4.4.1-mods-integrated/WRFV4.4.1/external/fftpack/fftpack5/libfftpack.a /glade/work/galexand/wrf-v-4.4.1-mods-integrated/WRFV4.4.1/external/io_grib1/libio_grib1.a /glade/work/galexand/wrf-v-4.4.1-mods-integrated/WRFV4.4.1/external/io_grib_share/libio_grib_share.a /glade/work/galexand/wrf-v-4.4.1-mods-integrated/WRFV4.4.1/external/io_int/libwrfio_int.a -L/glade/work/galexand/wrf-v-4.4.1-mods-integrated/WRFV4.4.1/external/esmf_time_f90 -lesmf_time /glade/work/galexand/wrf-v-4.4.1-mods-integrated/WRFV4.4.1/external/RSL_LITE/librsl_lite.a /glade/work/galexand/wrf-v-4.4.1-mods-integrated/WRFV4.4.1/frame/module_internal_header_util.o /glade/work/galexand/wrf-v-4.4.1-mods-integrated/WRFV4.4.1/frame/pack_utils.o -L/glade/work/galexand/wrf-v-4.4.1-mods-integrated/WRFV4.4.1/external/io_netcdf -lwrfio_nf -L/glade/u/apps/ch/opt/netcdf/4.8.1/gnu/10.1.0/lib -lnetcdff -lnetcdf               
gfortran: error: unrecognized command line option ‘-fallow-argument-mismatch’
gfortran: error: unrecognized command line option ‘-fallow-invalid-boz’
0.04user 0.09system 0:00.10elapsed 137%CPU (0avgtext+0avgdata 2320maxresident)k
0inputs+0outputs (0major+10704minor)pagefaults 0swaps
Makefile:16: recipe for target 'em_wrf' failed
make[1]: [em_wrf] Error 1 (ignored)
make[1]: Leaving directory '/glade/work/galexand/wrf-v-4.4.1-mods-integrated/WRFV4.4.1/main'
( cd run ; /bin/rm -f wrf.exe ; ln -s ../main/wrf.exe . )
if [ 0 -eq 1 ] ; then \
  ( cd main ; make -i -r RLFLAGS="" MODULE_DIRS="-I../dyn_em  -I/glade/work/galexand/wrf-v-4.4.1-mods-integrated/WRFV4.4.1/external/esmf_time_f90  -I/glade/work/galexand/wrf-v-4.4.1-mods-integrated/WRFV4.4.1/main -I/glade/work/galexand/wrf-v-4.4.1-mods-integrated/WRFV4.4.1/external/io_netcdf -I/glade/work/galexand/wrf-v-4.4.1-mods-integrated/WRFV4.4.1/external/io_int -I/glade/work/galexand/wrf-v-4.4.1-mods-integrated/WRFV4.4.1/frame -I/glade/work/galexand/wrf-v-4.4.1-mods-integrated/WRFV4.4.1/share -I/glade/work/galexand/wrf-v-4.4.1-mods-integrated/WRFV4.4.1/phys -I/glade/work/galexand/wrf-v-4.4.1-mods-integrated/WRFV4.4.1/wrftladj -I/glade/work/galexand/wrf-v-4.4.1-mods-integrated/WRFV4.4.1/chem -I/glade/work/galexand/wrf-v-4.4.1-mods-integrated/WRFV4.4.1/inc -I/glade/u/apps/ch/opt/netcdf/4.8.1/gnu/10.1.0/include " SOLVER=em em_wrf_SST_ESMF ) ; \
fi
build started:   Thu Dec  8 15:57:31 MST 2022
build completed: Thu Dec 8 15:57:36 MST 2022
--------------------------------------
( cd main ; make -i -r RLFLAGS="" MODULE_DIRS="-I../dyn_em  -I/glade/work/galexand/wrf-v-4.4.1-mods-integrated/WRFV4.4.1/external/esmf_time_f90  -I/glade/work/galexand/wrf-v-4.4.1-mods-integrated/WRFV4.4.1/main -I/glade/work/galexand/wrf-v-4.4.1-mods-integrated/WRFV4.4.1/external/io_netcdf -I/glade/work/galexand/wrf-v-4.4.1-mods-integrated/WRFV4.4.1/external/io_int -I/glade/work/galexand/wrf-v-4.4.1-mods-integrated/WRFV4.4.1/frame -I/glade/work/galexand/wrf-v-4.4.1-mods-integrated/WRFV4.4.1/share -I/glade/work/galexand/wrf-v-4.4.1-mods-integrated/WRFV4.4.1/phys -I/glade/work/galexand/wrf-v-4.4.1-mods-integrated/WRFV4.4.1/wrftladj -I/glade/work/galexand/wrf-v-4.4.1-mods-integrated/WRFV4.4.1/chem -I/glade/work/galexand/wrf-v-4.4.1-mods-integrated/WRFV4.4.1/inc -I/glade/u/apps/ch/opt/netcdf/4.8.1/gnu/10.1.0/include " SOLVER=em IDEAL_CASE=real em_real )
make[1]: Entering directory '/glade/work/galexand/wrf-v-4.4.1-mods-integrated/WRFV4.4.1/main'
ranlib  libwrflib.a
time mpif90 -f90=gfortran -o ndown.exe  -O2 -ftree-vectorize -funroll-loops -w -ffree-form -ffree-line-length-none -fconvert=big-endian -frecord-marker=4 -fallow-argument-mismatch -fallow-invalid-boz    ndown_em.o  ../dyn_em/module_initialize_real.o libwrflib.a /glade/work/galexand/wrf-v-4.4.1-mods-integrated/WRFV4.4.1/external/fftpack/fftpack5/libfftpack.a /glade/work/galexand/wrf-v-4.4.1-mods-integrated/WRFV4.4.1/external/io_grib1/libio_grib1.a /glade/work/galexand/wrf-v-4.4.1-mods-integrated/WRFV4.4.1/external/io_grib_share/libio_grib_share.a /glade/work/galexand/wrf-v-4.4.1-mods-integrated/WRFV4.4.1/external/io_int/libwrfio_int.a -L/glade/work/galexand/wrf-v-4.4.1-mods-integrated/WRFV4.4.1/external/esmf_time_f90 -lesmf_time /glade/work/galexand/wrf-v-4.4.1-mods-integrated/WRFV4.4.1/external/RSL_LITE/librsl_lite.a /glade/work/galexand/wrf-v-4.4.1-mods-integrated/WRFV4.4.1/frame/module_internal_header_util.o /glade/work/galexand/wrf-v-4.4.1-mods-integrated/WRFV4.4.1/frame/pack_utils.o -L/glade/work/galexand/wrf-v-4.4.1-mods-integrated/WRFV4.4.1/external/io_netcdf -lwrfio_nf -L/glade/u/apps/ch/opt/netcdf/4.8.1/gnu/10.1.0/lib -lnetcdff -lnetcdf              
gfortran: error: unrecognized command line option ‘-fallow-argument-mismatch’
gfortran: error: unrecognized command line option ‘-fallow-invalid-boz’
0.05user 0.08system 0:00.10elapsed 136%CPU (0avgtext+0avgdata 2276maxresident)k
0inputs+0outputs (0major+10695minor)pagefaults 0swaps
Makefile:32: recipe for target 'em_real' failed
make[1]: [em_real] Error 1 (ignored)
time mpif90 -f90=gfortran -o tc.exe  -O2 -ftree-vectorize -funroll-loops -w -ffree-form -ffree-line-length-none -fconvert=big-endian -frecord-marker=4 -fallow-argument-mismatch -fallow-invalid-boz    tc_em.o  ../dyn_em/module_initialize_real.o libwrflib.a /glade/work/galexand/wrf-v-4.4.1-mods-integrated/WRFV4.4.1/external/fftpack/fftpack5/libfftpack.a /glade/work/galexand/wrf-v-4.4.1-mods-integrated/WRFV4.4.1/external/io_grib1/libio_grib1.a /glade/work/galexand/wrf-v-4.4.1-mods-integrated/WRFV4.4.1/external/io_grib_share/libio_grib_share.a /glade/work/galexand/wrf-v-4.4.1-mods-integrated/WRFV4.4.1/external/io_int/libwrfio_int.a -L/glade/work/galexand/wrf-v-4.4.1-mods-integrated/WRFV4.4.1/external/esmf_time_f90 -lesmf_time /glade/work/galexand/wrf-v-4.4.1-mods-integrated/WRFV4.4.1/external/RSL_LITE/librsl_lite.a /glade/work/galexand/wrf-v-4.4.1-mods-integrated/WRFV4.4.1/frame/module_internal_header_util.o /glade/work/galexand/wrf-v-4.4.1-mods-integrated/WRFV4.4.1/frame/pack_utils.o -L/glade/work/galexand/wrf-v-4.4.1-mods-integrated/WRFV4.4.1/external/io_netcdf -lwrfio_nf -L/glade/u/apps/ch/opt/netcdf/4.8.1/gnu/10.1.0/lib -lnetcdff -lnetcdf              
gfortran: error: unrecognized command line option ‘-fallow-argument-mismatch’
gfortran: error: unrecognized command line option ‘-fallow-invalid-boz’
0.05user 0.08system 0:00.10elapsed 136%CPU (0avgtext+0avgdata 2308maxresident)k
0inputs+0outputs (0major+10709minor)pagefaults 0swaps
Makefile:32: recipe for target 'em_real' failed
make[1]: [em_real] Error 1 (ignored)
time mpif90 -f90=gfortran -o real.exe  -O2 -ftree-vectorize -funroll-loops -w -ffree-form -ffree-line-length-none -fconvert=big-endian -frecord-marker=4 -fallow-argument-mismatch -fallow-invalid-boz    real_em.o ../dyn_em/module_initialize_real.o libwrflib.a /glade/work/galexand/wrf-v-4.4.1-mods-integrated/WRFV4.4.1/external/fftpack/fftpack5/libfftpack.a /glade/work/galexand/wrf-v-4.4.1-mods-integrated/WRFV4.4.1/external/io_grib1/libio_grib1.a /glade/work/galexand/wrf-v-4.4.1-mods-integrated/WRFV4.4.1/external/io_grib_share/libio_grib_share.a /glade/work/galexand/wrf-v-4.4.1-mods-integrated/WRFV4.4.1/external/io_int/libwrfio_int.a -L/glade/work/galexand/wrf-v-4.4.1-mods-integrated/WRFV4.4.1/external/esmf_time_f90 -lesmf_time /glade/work/galexand/wrf-v-4.4.1-mods-integrated/WRFV4.4.1/external/RSL_LITE/librsl_lite.a /glade/work/galexand/wrf-v-4.4.1-mods-integrated/WRFV4.4.1/frame/module_internal_header_util.o /glade/work/galexand/wrf-v-4.4.1-mods-integrated/WRFV4.4.1/frame/pack_utils.o -L/glade/work/galexand/wrf-v-4.4.1-mods-integrated/WRFV4.4.1/external/io_netcdf -lwrfio_nf -L/glade/u/apps/ch/opt/netcdf/4.8.1/gnu/10.1.0/lib -lnetcdff -lnetcdf              
gfortran: error: unrecognized command line option ‘-fallow-argument-mismatch’
gfortran: error: unrecognized command line option ‘-fallow-invalid-boz’
0.03user 0.12system 0:00.11elapsed 136%CPU (0avgtext+0avgdata 2300maxresident)k
0inputs+0outputs (0major+10689minor)pagefaults 0swaps
Makefile:32: recipe for target 'em_real' failed
make[1]: [em_real] Error 1 (ignored)
make[1]: Leaving directory '/glade/work/galexand/wrf-v-4.4.1-mods-integrated/WRFV4.4.1/main'
( cd test/em_real ; /bin/rm -f wrf.exe ; ln -s ../../main/wrf.exe . )
if [ 0 -eq 1 ] ; then \
  ( cd main ; make -i -r RLFLAGS="" MODULE_DIRS="-I../dyn_em  -I/glade/work/galexand/wrf-v-4.4.1-mods-integrated/WRFV4.4.1/external/esmf_time_f90  -I/glade/work/galexand/wrf-v-4.4.1-mods-integrated/WRFV4.4.1/main -I/glade/work/galexand/wrf-v-4.4.1-mods-integrated/WRFV4.4.1/external/io_netcdf -I/glade/work/galexand/wrf-v-4.4.1-mods-integrated/WRFV4.4.1/external/io_int -I/glade/work/galexand/wrf-v-4.4.1-mods-integrated/WRFV4.4.1/frame -I/glade/work/galexand/wrf-v-4.4.1-mods-integrated/WRFV4.4.1/share -I/glade/work/galexand/wrf-v-4.4.1-mods-integrated/WRFV4.4.1/phys -I/glade/work/galexand/wrf-v-4.4.1-mods-integrated/WRFV4.4.1/wrftladj -I/glade/work/galexand/wrf-v-4.4.1-mods-integrated/WRFV4.4.1/chem -I/glade/work/galexand/wrf-v-4.4.1-mods-integrated/WRFV4.4.1/inc -I/glade/u/apps/ch/opt/netcdf/4.8.1/gnu/10.1.0/include " SOLVER=em IDEAL_CASE=real em_wrf_SST_ESMF ) ; \
  ( cd test/em_esmf_exp ; /bin/rm -f wrf.exe ; ln -s ../../main/wrf.exe . ) ; \
  ( cd test/em_esmf_exp ; /bin/rm -f wrf_SST_ESMF.exe ; ln -s ../../main/wrf_SST_ESMF.exe . ) ; \
  ( cd test/em_esmf_exp ; /bin/rm -f real.exe ; ln -s ../../main/real.exe . ) ; \
  ( cd test/em_esmf_exp ; /bin/rm -f README.namelist ; ln -s ../../run/README.namelist . ) ; \
  ( cd test/em_esmf_exp ; /bin/rm -f ETAMPNEW_DATA.expanded_rain ETAMPNEW_DATA RRTM_DATA RRTMG_LW_DATA RRTMG_SW_DATA ; \
               ln -sf ../../run/ETAMPNEW_DATA . ;                      \
               ln -sf ../../run/ETAMPNEW_DATA.expanded_rain . ;        \
               ln -sf ../../run/RRTM_DATA . ;                          \
               ln -sf ../../run/RRTMG_LW_DATA . ;                      \
               ln -sf ../../run/RRTMG_SW_DATA . ;                      \
               ln -sf ../../run/CAM_ABS_DATA . ;                       \
               ln -sf ../../run/CAM_AEROPT_DATA . ;                    \
               ln -sf ../../run/CAMtr_volume_mixing_ratio.RCP4.5 . ;   \
               ln -sf ../../run/CAMtr_volume_mixing_ratio.RCP6   . ;   \
               ln -sf ../../run/CAMtr_volume_mixing_ratio.RCP8.5 . ;   \
               ln -sf ../../run/CAMtr_volume_mixing_ratio.A1B    . ;   \
               ln -sf ../../run/CAMtr_volume_mixing_ratio.A2     . ;   \
               ln -sf ../../run/CAMtr_volume_mixing_ratio.SSP119 . ;   \
               ln -sf ../../run/CAMtr_volume_mixing_ratio.SSP126 . ;   \
               ln -sf ../../run/CAMtr_volume_mixing_ratio.SSP245 . ;   \
               ln -sf ../../run/CAMtr_volume_mixing_ratio.SSP245 CAMtr_volume_mixing_ratio ;   \
               ln -sf ../../run/CAMtr_volume_mixing_ratio.SSP370 . ;   \
               ln -sf ../../run/CAMtr_volume_mixing_ratio.SSP585 . ;   \
               ln -sf ../../run/CLM_ALB_ICE_DFS_DATA . ;               \
               ln -sf ../../run/CLM_ALB_ICE_DRC_DATA . ;               \
               ln -sf ../../run/CLM_ASM_ICE_DFS_DATA . ;               \
               ln -sf ../../run/CLM_ASM_ICE_DRC_DATA . ;               \
               ln -sf ../../run/CLM_DRDSDT0_DATA . ;                   \
               ln -sf ../../run/CLM_EXT_ICE_DFS_DATA . ;               \
               ln -sf ../../run/CLM_EXT_ICE_DRC_DATA . ;               \
               ln -sf ../../run/CLM_KAPPA_DATA . ;                     \
               ln -sf ../../run/CLM_TAU_DATA . ;                       \
               ln -sf ../../run/ozone.formatted . ;                    \
               ln -sf ../../run/ozone_lat.formatted . ;                \
               ln -sf ../../run/ozone_plev.formatted . ;               \
               ln -sf ../../run/aerosol.formatted . ;                  \
               ln -sf ../../run/aerosol_lat.formatted . ;              \
               ln -sf ../../run/aerosol_lon.formatted . ;              \
               ln -sf ../../run/aerosol_plev.formatted . ;             \
               ln -sf ../../run/eclipse_besselian_elements.dat . ;     \
               ln -sf ../../run/CCN_ACTIVATE.BIN . ;                   \
               ln -sf ../../run/p3_lookupTable_1.dat-5.3-2momI . ;     \
               ln -sf ../../run/p3_lookupTable_1.dat-3momI_v5.1.7 . ;     \
               ln -sf ../../run/p3_lookupTable_2.dat-2momI_v5.2.3 . ;  \
               ln -sf ../../run/HLC.TBL . ;                            \
               ln -sf ../../run/wind-turbine-1.tbl . ;                 \
               ln -sf ../../run/ishmael-gamma-tab.bin . ;              \
               ln -sf ../../run/ishmael-qi-qc.bin . ;                  \
               ln -sf ../../run/ishmael-qi-qr.bin . ;                  \
               ln -sf ../../run/BROADBAND_CLOUD_GODDARD.bin . ;        \
               ln -sf ../../run/STOCHPERT.TBL . ;                      \
               if [ 4 -eq 8 ] ; then                        \
                  ln -sf ../../run/ETAMPNEW_DATA_DBL ETAMPNEW_DATA ;   \
                  ln -sf ../../run/ETAMPNEW_DATA.expanded_rain_DBL ETAMPNEW_DATA.expanded_rain ;   \
                  ln -sf ../../run/RRTM_DATA_DBL RRTM_DATA         ;   \
                  ln -sf ../../run/RRTMG_LW_DATA_DBL RRTMG_LW_DATA ;   \
                  ln -sf ../../run/RRTMG_SW_DATA_DBL RRTMG_SW_DATA ;   \
               fi ) ; \
  ( cd test/em_esmf_exp ; /bin/rm -f GENPARM.TBL ; ln -s ../../run/GENPARM.TBL . ) ; \
  ( cd test/em_esmf_exp ; /bin/rm -f LANDUSE.TBL ; ln -s ../../run/LANDUSE.TBL . ) ; \
  ( cd test/em_esmf_exp ; /bin/rm -f SOILPARM.TBL ; ln -s ../../run/SOILPARM.TBL . ) ; \
  ( cd test/em_esmf_exp ; /bin/rm -f URBPARM.TBL ; ln -s ../../run/URBPARM.TBL . ) ; \
  ( cd test/em_esmf_exp ; /bin/rm -f URBPARM_LCZ.TBL ; ln -s ../../run/URBPARM_LCZ.TBL . ) ; \
  ( cd test/em_esmf_exp ; /bin/rm -f VEGPARM.TBL ; ln -s ../../run/VEGPARM.TBL . ) ; \
  ( cd test/em_esmf_exp ; /bin/rm -f MPTABLE.TBL ; ln -s ../../run/MPTABLE.TBL . ) ; \
  ( cd test/em_esmf_exp ; /bin/rm -f tr49t67 ; ln -s ../../run/tr49t67 . ) ; \
  ( cd test/em_esmf_exp ; /bin/rm -f tr49t85 ; ln -s ../../run/tr49t85 . ) ; \
  ( cd test/em_esmf_exp ; /bin/rm -f tr67t85 ; ln -s ../../run/tr67t85 . ) ; \
  ( cd test/em_esmf_exp ; /bin/rm -f gribmap.txt ; ln -s ../../run/gribmap.txt . ) ; \
  ( cd test/em_esmf_exp ; /bin/rm -f grib2map.tbl ; ln -s ../../run/grib2map.tbl . ) ; \
fi
( cd test/em_real ; /bin/rm -f real.exe ; ln -s ../../main/real.exe . )
( cd test/em_real ; /bin/rm -f tc.exe ; ln -s ../../main/tc.exe . )
( cd test/em_real ; /bin/rm -f ndown.exe ; ln -s ../../main/ndown.exe . )
( cd test/em_real ; /bin/rm -f README.namelist ; ln -s ../../run/README.namelist . )
( cd test/em_real ; /bin/rm -f README.physics_files ; ln -s ../../run/README.physics_files . )
( cd test/em_real ; /bin/rm -f ETAMPNEW_DATA.expanded_rain ETAMPNEW_DATA RRTM_DATA RRTMG_LW_DATA RRTMG_SW_DATA ;    \
             ln -sf ../../run/ETAMPNEW_DATA . ;                     \
             ln -sf ../../run/ETAMPNEW_DATA.expanded_rain . ;       \
             ln -sf ../../run/RRTM_DATA . ;                         \
             ln -sf ../../run/RRTMG_LW_DATA . ;                     \
             ln -sf ../../run/RRTMG_SW_DATA . ;                     \
             ln -sf ../../run/CAM_ABS_DATA . ;                      \
             ln -sf ../../run/CAM_AEROPT_DATA . ;                   \
             ln -sf ../../run/CAMtr_volume_mixing_ratio.RCP4.5 . ;  \
             ln -sf ../../run/CAMtr_volume_mixing_ratio.RCP6   . ;  \
             ln -sf ../../run/CAMtr_volume_mixing_ratio.RCP8.5 . ;  \
             ln -sf ../../run/CAMtr_volume_mixing_ratio.A1B    . ;  \
             ln -sf ../../run/CAMtr_volume_mixing_ratio.A2     . ;  \
             ln -sf ../../run/CAMtr_volume_mixing_ratio.SSP119 . ;  \
             ln -sf ../../run/CAMtr_volume_mixing_ratio.SSP126 . ;  \
             ln -sf ../../run/CAMtr_volume_mixing_ratio.SSP245 . ;  \
             ln -sf ../../run/CAMtr_volume_mixing_ratio.SSP245 CAMtr_volume_mixing_ratio ;   \
             ln -sf ../../run/CAMtr_volume_mixing_ratio.SSP370 . ;  \
             ln -sf ../../run/CAMtr_volume_mixing_ratio.SSP585 . ;  \
             ln -sf ../../run/CLM_ALB_ICE_DFS_DATA . ;              \
             ln -sf ../../run/CLM_ALB_ICE_DRC_DATA . ;              \
             ln -sf ../../run/CLM_ASM_ICE_DFS_DATA . ;              \
             ln -sf ../../run/CLM_ASM_ICE_DRC_DATA . ;              \
             ln -sf ../../run/CLM_DRDSDT0_DATA . ;                  \
             ln -sf ../../run/CLM_EXT_ICE_DFS_DATA . ;              \
             ln -sf ../../run/CLM_EXT_ICE_DRC_DATA . ;              \
             ln -sf ../../run/CLM_KAPPA_DATA . ;                    \
             ln -sf ../../run/CLM_TAU_DATA . ;                      \
             ln -sf ../../run/ozone.formatted . ;                   \
             ln -sf ../../run/ozone_lat.formatted . ;               \
             ln -sf ../../run/ozone_plev.formatted . ;              \
             ln -sf ../../run/aerosol.formatted . ;                 \
             ln -sf ../../run/aerosol_lat.formatted . ;             \
             ln -sf ../../run/aerosol_lon.formatted . ;             \
             ln -sf ../../run/aerosol_plev.formatted . ;            \
             ln -sf ../../run/eclipse_besselian_elements.dat . ;    \
             ln -sf ../../run/capacity.asc . ;                      \
             ln -sf ../../run/coeff_p.asc . ;                       \
             ln -sf ../../run/coeff_q.asc . ;                       \
             ln -sf ../../run/constants.asc . ;                     \
             ln -sf ../../run/masses.asc . ;                        \
             ln -sf ../../run/termvels.asc . ;                      \
             ln -sf ../../run/kernels.asc_s_0_03_0_9 . ;            \
             ln -sf ../../run/kernels_z.asc . ;                     \
             ln -sf ../../run/bulkdens.asc_s_0_03_0_9 . ;           \
             ln -sf ../../run/bulkradii.asc_s_0_03_0_9 . ;          \
             ln -sf ../../run/CCN_ACTIVATE.BIN . ;                  \
             ln -sf ../../run/p3_lookupTable_1.dat-5.3-2momI . ;    \
             ln -sf ../../run/p3_lookupTable_1.dat-3momI_v5.1.7 . ;    \
             ln -sf ../../run/p3_lookupTable_2.dat-2momI_v5.2.3 . ; \
             ln -sf ../../run/HLC.TBL . ;                           \
             ln -sf ../../run/wind-turbine-1.tbl . ;                \
             ln -sf ../../run/ishmael-gamma-tab.bin . ;             \
             ln -sf ../../run/ishmael-qi-qc.bin . ;                 \
             ln -sf ../../run/ishmael-qi-qr.bin . ;                 \
             ln -sf ../../run/BROADBAND_CLOUD_GODDARD.bin . ;       \
             ln -sf ../../run/STOCHPERT.TBL . ;                     \
             if [ 4 -eq 8 ] ; then                       \
                ln -sf ../../run/ETAMPNEW_DATA_DBL ETAMPNEW_DATA ;  \
                ln -sf ../../run/ETAMPNEW_DATA.expanded_rain_DBL ETAMPNEW_DATA.expanded_rain ;   \
                ln -sf ../../run/RRTM_DATA_DBL RRTM_DATA ;          \
                ln -sf ../../run/RRTMG_LW_DATA_DBL RRTMG_LW_DATA ;  \
                ln -sf ../../run/RRTMG_SW_DATA_DBL RRTMG_SW_DATA ;  \
             fi )
( cd test/em_real ; if test -d ../../run/SBM_input_33 ; then				\
             ln -sf ../../run/SBM_input_33 . ;						\
             ln -sf ../../run/scattering_tables_2layer_high_quad_1dT_1%fw_110 . ;	\
             fi )
( cd test/em_real ; /bin/rm -f GENPARM.TBL ; ln -s ../../run/GENPARM.TBL . )
( cd test/em_real ; /bin/rm -f LANDUSE.TBL ; ln -s ../../run/LANDUSE.TBL . )
( cd test/em_real ; /bin/rm -f SOILPARM.TBL ; ln -s ../../run/SOILPARM.TBL . )
( cd test/em_real ; /bin/rm -f URBPARM.TBL ; ln -s ../../run/URBPARM.TBL . )
( cd test/em_real ; /bin/rm -f URBPARM_LCZ.TBL ; ln -s ../../run/URBPARM_LCZ.TBL . )
( cd test/em_real ; /bin/rm -f VEGPARM.TBL ; ln -s ../../run/VEGPARM.TBL . )
( cd test/em_real ; /bin/rm -f MPTABLE.TBL ; ln -s ../../run/MPTABLE.TBL . )
( cd test/em_real ; /bin/rm -f tr49t67 ; ln -s ../../run/tr49t67 . )
( cd test/em_real ; /bin/rm -f tr49t85 ; ln -s ../../run/tr49t85 . )
( cd test/em_real ; /bin/rm -f tr67t85 ; ln -s ../../run/tr67t85 . )
( cd test/em_real ; /bin/rm -f gribmap.txt ; ln -s ../../run/gribmap.txt . )
( cd test/em_real ; /bin/rm -f grib2map.tbl ; ln -s ../../run/grib2map.tbl . )
( cd run ; /bin/rm -f real.exe ; ln -s ../main/real.exe . )
( cd run ; /bin/rm -f tc.exe ; ln -s ../main/tc.exe . )
( cd run ; /bin/rm -f ndown.exe ; ln -s ../main/ndown.exe . )
( cd run ; if test -f namelist.input ; then \
	/bin/cp -f namelist.input namelist.input.backup.`date +%Y-%m-%d_%H_%M_%S` ; fi ; \
	/bin/rm -f namelist.input ; cp ../test/em_real/namelist.input . )
 
==========================================================================
build started:   Thu Dec  8 15:57:31 MST 2022
build completed: Thu Dec 8 15:57:37 MST 2022
 
---> Problems building executables, look for errors in the build log  <---
 
==========================================================================
 
